<?xml version="1.0" encoding="UTF-8"?>
<testsuite name="com.centripio.repositories.CuentaRepositoryTest" tests="2" skipped="0" failures="0" errors="0" timestamp="2017-11-18T15:58:19" hostname="Carloss-MacBook-Pro-2.local" time="0.57">
  <properties/>
  <testcase name="obtenerCuentaPorID_test" classname="com.centripio.repositories.CuentaRepositoryTest" time="0.533"/>
  <testcase name="mostrarTodasCuentas_test" classname="com.centripio.repositories.CuentaRepositoryTest" time="0.027"/>
  <system-out><![CDATA[07:58:13.725 [Test worker] DEBUG org.springframework.test.context.junit4.SpringJUnit4ClassRunner - SpringJUnit4ClassRunner constructor called with [class com.centripio.repositories.CuentaRepositoryTest]
07:58:13.730 [Test worker] DEBUG org.springframework.test.context.BootstrapUtils - Instantiating CacheAwareContextLoaderDelegate from class [org.springframework.test.context.cache.DefaultCacheAwareContextLoaderDelegate]
07:58:13.738 [Test worker] DEBUG org.springframework.test.context.BootstrapUtils - Instantiating BootstrapContext using constructor [public org.springframework.test.context.support.DefaultBootstrapContext(java.lang.Class,org.springframework.test.context.CacheAwareContextLoaderDelegate)]
07:58:13.745 [Test worker] DEBUG org.springframework.test.context.BootstrapUtils - Instantiating TestContextBootstrapper for test class [com.centripio.repositories.CuentaRepositoryTest] from class [org.springframework.test.context.support.DefaultTestContextBootstrapper]
07:58:13.768 [Test worker] DEBUG org.springframework.test.context.support.AbstractDelegatingSmartContextLoader - Delegating to AnnotationConfigContextLoader to process context configuration [ContextConfigurationAttributes@55590db6 declaringClass = 'com.centripio.repositories.CuentaRepositoryTest', classes = '{class com.centripio.config.AppConfig}', locations = '{}', inheritLocations = true, initializers = '{}', inheritInitializers = true, name = [null], contextLoaderClass = 'org.springframework.test.context.ContextLoader'].
07:58:13.825 [Test worker] DEBUG org.springframework.test.context.support.ActiveProfilesUtils - Could not find an 'annotation declaring class' for annotation type [org.springframework.test.context.ActiveProfiles] and class [com.centripio.repositories.CuentaRepositoryTest]
07:58:13.826 [Test worker] DEBUG org.springframework.test.context.support.DefaultTestContextBootstrapper - @TestExecutionListeners is not present for class [com.centripio.repositories.CuentaRepositoryTest]: using defaults.
07:58:13.830 [Test worker] INFO org.springframework.test.context.support.DefaultTestContextBootstrapper - Loaded default TestExecutionListener class names from location [META-INF/spring.factories]: [org.springframework.boot.test.mock.mockito.MockitoTestExecutionListener, org.springframework.boot.test.mock.mockito.ResetMocksTestExecutionListener, org.springframework.boot.test.autoconfigure.restdocs.RestDocsTestExecutionListener, org.springframework.boot.test.autoconfigure.web.client.MockRestServiceServerResetTestExecutionListener, org.springframework.boot.test.autoconfigure.web.servlet.MockMvcPrintOnlyOnFailureTestExecutionListener, org.springframework.boot.test.autoconfigure.web.servlet.WebDriverTestExecutionListener, org.springframework.test.context.web.ServletTestExecutionListener, org.springframework.test.context.support.DirtiesContextBeforeModesTestExecutionListener, org.springframework.test.context.support.DependencyInjectionTestExecutionListener, org.springframework.test.context.support.DirtiesContextTestExecutionListener, org.springframework.test.context.transaction.TransactionalTestExecutionListener, org.springframework.test.context.jdbc.SqlScriptsTestExecutionListener]
07:58:13.848 [Test worker] INFO org.springframework.test.context.support.DefaultTestContextBootstrapper - Using TestExecutionListeners: [org.springframework.test.context.web.ServletTestExecutionListener@2017dcf2, org.springframework.test.context.support.DirtiesContextBeforeModesTestExecutionListener@f04d043, org.springframework.test.context.support.DependencyInjectionTestExecutionListener@68b7b49f, org.springframework.test.context.support.DirtiesContextTestExecutionListener@31067b4c, org.springframework.test.context.transaction.TransactionalTestExecutionListener@2f68c1d2, org.springframework.test.context.jdbc.SqlScriptsTestExecutionListener@6479ab4, org.springframework.boot.test.autoconfigure.restdocs.RestDocsTestExecutionListener@5381c5af, org.springframework.boot.test.mock.mockito.ResetMocksTestExecutionListener@515f1888, org.springframework.boot.test.mock.mockito.MockitoTestExecutionListener@38d03520, org.springframework.boot.test.autoconfigure.web.servlet.MockMvcPrintOnlyOnFailureTestExecutionListener@2789ab4, org.springframework.boot.test.autoconfigure.web.client.MockRestServiceServerResetTestExecutionListener@5f098be9, org.springframework.boot.test.autoconfigure.web.servlet.WebDriverTestExecutionListener@76bb53d8]
07:58:13.851 [Test worker] DEBUG org.springframework.test.annotation.ProfileValueUtils - Retrieved @ProfileValueSourceConfiguration [null] for test class [com.centripio.repositories.CuentaRepositoryTest]
07:58:13.852 [Test worker] DEBUG org.springframework.test.annotation.ProfileValueUtils - Retrieved ProfileValueSource type [class org.springframework.test.annotation.SystemProfileValueSource] for class [com.centripio.repositories.CuentaRepositoryTest]
07:58:13.852 [Test worker] DEBUG org.springframework.test.annotation.ProfileValueUtils - Retrieved @ProfileValueSourceConfiguration [null] for test class [com.centripio.repositories.CuentaRepositoryTest]
07:58:13.853 [Test worker] DEBUG org.springframework.test.annotation.ProfileValueUtils - Retrieved ProfileValueSource type [class org.springframework.test.annotation.SystemProfileValueSource] for class [com.centripio.repositories.CuentaRepositoryTest]
07:58:13.855 [Test worker] DEBUG org.springframework.test.context.support.AbstractDirtiesContextTestExecutionListener - Before test class: context [DefaultTestContext@56c76807 testClass = CuentaRepositoryTest, testInstance = [null], testMethod = [null], testException = [null], mergedContextConfiguration = [MergedContextConfiguration@6a97cdca testClass = CuentaRepositoryTest, locations = '{}', classes = '{class com.centripio.config.AppConfig}', contextInitializerClasses = '[]', activeProfiles = '{}', propertySourceLocations = '{}', propertySourceProperties = '{}', contextCustomizers = set[org.springframework.boot.test.context.filter.ExcludeFilterContextCustomizer@30f4d1b6, org.springframework.boot.test.json.DuplicateJsonObjectContextCustomizerFactory$DuplicateJsonObjectContextCustomizer@13f9f3cc, org.springframework.boot.test.mock.mockito.MockitoContextCustomizer@0, org.springframework.boot.test.autoconfigure.properties.PropertyMappingContextCustomizer@0, org.springframework.boot.test.autoconfigure.web.servlet.WebDriverContextCustomizerFactory$Customizer@4dcd44f3], contextLoader = 'org.springframework.test.context.support.DelegatingSmartContextLoader', parent = [null]]], class annotated with @DirtiesContext [false] with mode [null].
07:58:13.856 [Test worker] DEBUG org.springframework.test.annotation.ProfileValueUtils - Retrieved @ProfileValueSourceConfiguration [null] for test class [com.centripio.repositories.CuentaRepositoryTest]
07:58:13.856 [Test worker] DEBUG org.springframework.test.annotation.ProfileValueUtils - Retrieved ProfileValueSource type [class org.springframework.test.annotation.SystemProfileValueSource] for class [com.centripio.repositories.CuentaRepositoryTest]
07:58:13.857 [Test worker] DEBUG org.springframework.test.context.support.DependencyInjectionTestExecutionListener - Performing dependency injection for test context [[DefaultTestContext@56c76807 testClass = CuentaRepositoryTest, testInstance = com.centripio.repositories.CuentaRepositoryTest@7ecd6aeb, testMethod = [null], testException = [null], mergedContextConfiguration = [MergedContextConfiguration@6a97cdca testClass = CuentaRepositoryTest, locations = '{}', classes = '{class com.centripio.config.AppConfig}', contextInitializerClasses = '[]', activeProfiles = '{}', propertySourceLocations = '{}', propertySourceProperties = '{}', contextCustomizers = set[org.springframework.boot.test.context.filter.ExcludeFilterContextCustomizer@30f4d1b6, org.springframework.boot.test.json.DuplicateJsonObjectContextCustomizerFactory$DuplicateJsonObjectContextCustomizer@13f9f3cc, org.springframework.boot.test.mock.mockito.MockitoContextCustomizer@0, org.springframework.boot.test.autoconfigure.properties.PropertyMappingContextCustomizer@0, org.springframework.boot.test.autoconfigure.web.servlet.WebDriverContextCustomizerFactory$Customizer@4dcd44f3], contextLoader = 'org.springframework.test.context.support.DelegatingSmartContextLoader', parent = [null]]]].
07:58:13.857 [Test worker] DEBUG org.springframework.test.context.support.AbstractDelegatingSmartContextLoader - Delegating to AnnotationConfigContextLoader to load context from [MergedContextConfiguration@6a97cdca testClass = CuentaRepositoryTest, locations = '{}', classes = '{class com.centripio.config.AppConfig}', contextInitializerClasses = '[]', activeProfiles = '{}', propertySourceLocations = '{}', propertySourceProperties = '{}', contextCustomizers = set[org.springframework.boot.test.context.filter.ExcludeFilterContextCustomizer@30f4d1b6, org.springframework.boot.test.json.DuplicateJsonObjectContextCustomizerFactory$DuplicateJsonObjectContextCustomizer@13f9f3cc, org.springframework.boot.test.mock.mockito.MockitoContextCustomizer@0, org.springframework.boot.test.autoconfigure.properties.PropertyMappingContextCustomizer@0, org.springframework.boot.test.autoconfigure.web.servlet.WebDriverContextCustomizerFactory$Customizer@4dcd44f3], contextLoader = 'org.springframework.test.context.support.DelegatingSmartContextLoader', parent = [null]].
07:58:13.857 [Test worker] DEBUG org.springframework.test.context.support.AbstractGenericContextLoader - Loading ApplicationContext for merged context configuration [[MergedContextConfiguration@6a97cdca testClass = CuentaRepositoryTest, locations = '{}', classes = '{class com.centripio.config.AppConfig}', contextInitializerClasses = '[]', activeProfiles = '{}', propertySourceLocations = '{}', propertySourceProperties = '{}', contextCustomizers = set[org.springframework.boot.test.context.filter.ExcludeFilterContextCustomizer@30f4d1b6, org.springframework.boot.test.json.DuplicateJsonObjectContextCustomizerFactory$DuplicateJsonObjectContextCustomizer@13f9f3cc, org.springframework.boot.test.mock.mockito.MockitoContextCustomizer@0, org.springframework.boot.test.autoconfigure.properties.PropertyMappingContextCustomizer@0, org.springframework.boot.test.autoconfigure.web.servlet.WebDriverContextCustomizerFactory$Customizer@4dcd44f3], contextLoader = 'org.springframework.test.context.support.DelegatingSmartContextLoader', parent = [null]]].
07:58:13.902 [Test worker] DEBUG org.springframework.core.env.StandardEnvironment - Adding PropertySource 'systemProperties' with lowest search precedence
07:58:13.903 [Test worker] DEBUG org.springframework.core.env.StandardEnvironment - Adding PropertySource 'systemEnvironment' with lowest search precedence
07:58:13.904 [Test worker] DEBUG org.springframework.core.env.StandardEnvironment - Initialized StandardEnvironment with PropertySources [MapPropertySource@2037443818 {name='systemProperties', properties={java.runtime.name=Java(TM) SE Runtime Environment, sun.boot.library.path=/Library/Java/JavaVirtualMachines/jdk1.8.0_65.jdk/Contents/Home/jre/lib, java.vm.version=25.65-b01, gopherProxySet=false, java.vm.vendor=Oracle Corporation, java.vendor.url=http://java.oracle.com/, path.separator=:, java.vm.name=Java HotSpot(TM) 64-Bit Server VM, file.encoding.pkg=sun.io, sun.java.launcher=SUN_STANDARD, user.country=US, sun.os.patch.level=unknown, java.vm.specification.name=Java Virtual Machine Specification, user.dir=/Users/Carlos/projects/centripioMonedero/monedero, java.runtime.version=1.8.0_65-b17, java.awt.graphicsenv=sun.awt.CGraphicsEnvironment, java.endorsed.dirs=/Library/Java/JavaVirtualMachines/jdk1.8.0_65.jdk/Contents/Home/jre/lib/endorsed, os.arch=x86_64, java.io.tmpdir=/var/folders/4g/9vrkhqcn713bv9ff21159f4h0000gn/T/, line.separator=
, java.vm.specification.vendor=Oracle Corporation, user.variant=, os.name=Mac OS X, sun.jnu.encoding=UTF-8, java.library.path=/Users/Carlos/Library/Java/Extensions:/Library/Java/Extensions:/Network/Library/Java/Extensions:/System/Library/Java/Extensions:/usr/lib/java:., java.specification.name=Java Platform API Specification, java.class.version=52.0, sun.management.compiler=HotSpot 64-Bit Tiered Compilers, os.version=10.12.5, http.nonProxyHosts=local|*.local|169.254/16|*.169.254/16, user.home=/Users/Carlos, user.timezone=America/Los_Angeles, java.awt.printerjob=sun.lwawt.macosx.CPrinterJob, file.encoding=UTF-8, java.specification.version=1.8, java.class.path=/Users/Carlos/projects/centripioMonedero/monedero/build/classes/integrationTest:/Users/Carlos/projects/centripioMonedero/monedero/build/resources/integrationTest:/Users/Carlos/.gradle/caches/modules-2/files-2.1/org.springframework.boot/spring-boot-starter-data-jpa/1.5.7.RELEASE/ccdf14487724b7c1343e5d2605f7170c026e405/spring-boot-starter-data-jpa-1.5.7.RELEASE.jar:/Users/Carlos/.gradle/caches/modules-2/files-2.1/org.springframework.boot/spring-boot-starter-jersey/1.5.7.RELEASE/dc608d6e96755fdad671da5f9a11f86b345fe30d/spring-boot-starter-jersey-1.5.7.RELEASE.jar:/Users/Carlos/.gradle/caches/modules-2/files-2.1/org.springframework.boot/spring-boot-starter-web/1.5.7.RELEASE/a862305be8b7512a41f6768d825ed37251ccbbe0/spring-boot-starter-web-1.5.7.RELEASE.jar:/Users/Carlos/.gradle/caches/modules-2/files-2.1/com.h2database/h2/1.4.190/df71536d44e3b07f0c15bb632cac51956c55fc3e/h2-1.4.190.jar:/Users/Carlos/.gradle/caches/modules-2/files-2.1/org.springframework.boot/spring-boot-starter-test/1.5.7.RELEASE/d23f37a72c2d4e46aba66bc69a649213f9cadeee/spring-boot-starter-test-1.5.7.RELEASE.jar:/Users/Carlos/.gradle/caches/modules-2/files-2.1/org.hamcrest/hamcrest-all/1.3/63a21ebc981131004ad02e0434e799fd7f3a8d5a/hamcrest-all-1.3.jar:/Users/Carlos/.gradle/caches/modules-2/files-2.1/org.springframework.boot/spring-boot-starter/1.5.7.RELEASE/b42fe6962dd8b3be4ac8c1d7134d0ca2d0a35c7e/spring-boot-starter-1.5.7.RELEASE.jar:/Users/Carlos/.gradle/caches/modules-2/files-2.1/org.springframework.boot/spring-boot-starter-aop/1.5.7.RELEASE/189098a72ccc0cca07ea42d6715c10524b5a93d1/spring-boot-starter-aop-1.5.7.RELEASE.jar:/Users/Carlos/.gradle/caches/modules-2/files-2.1/org.springframework.boot/spring-boot-starter-jdbc/1.5.7.RELEASE/98c652a5461ccbec70b55fd0f7815d9c9a37a082/spring-boot-starter-jdbc-1.5.7.RELEASE.jar:/Users/Carlos/.gradle/caches/modules-2/files-2.1/org.hibernate/hibernate-core/5.0.12.Final/e58bf1c660e6706d8e2cbb53bae110f574366102/hibernate-core-5.0.12.Final.jar:/Users/Carlos/.gradle/caches/modules-2/files-2.1/org.hibernate/hibernate-entitymanager/5.0.12.Final/302a526f5058290e9cbd719a5caf9f248d344719/hibernate-entitymanager-5.0.12.Final.jar:/Users/Carlos/.gradle/caches/modules-2/files-2.1/javax.transaction/javax.transaction-api/1.2/d81aff979d603edd90dcd8db2abc1f4ce6479e3e/javax.transaction-api-1.2.jar:/Users/Carlos/.gradle/caches/modules-2/files-2.1/org.springframework.data/spring-data-jpa/1.11.7.RELEASE/587051cc7d7a3ddfac6098d623a658abb2f15865/spring-data-jpa-1.11.7.RELEASE.jar:/Users/Carlos/.gradle/caches/modules-2/files-2.1/org.springframework/spring-aspects/4.3.11.RELEASE/38ab744d37aef58762a03dbe7ab1479070ebadc6/spring-aspects-4.3.11.RELEASE.jar:/Users/Carlos/.gradle/caches/modules-2/files-2.1/org.springframework.boot/spring-boot-starter-tomcat/1.5.7.RELEASE/eae533e2a0111a51d812912acb3d3e2368736d1b/spring-boot-starter-tomcat-1.5.7.RELEASE.jar:/Users/Carlos/.gradle/caches/modules-2/files-2.1/org.springframework.boot/spring-boot-starter-validation/1.5.7.RELEASE/a2e87bf66a1db8037e1feeba7e7063996fa72090/spring-boot-starter-validation-1.5.7.RELEASE.jar:/Users/Carlos/.gradle/caches/modules-2/files-2.1/com.fasterxml.jackson.core/jackson-databind/2.8.10/f7b83cb2bc4b88d53961e749e1ad32f49ef017b7/jackson-databind-2.8.10.jar:/Users/Carlos/.gradle/caches/modules-2/files-2.1/org.springframework/spring-web/4.3.11.RELEASE/50a3dfce550bdf9459dfb2c6282aa104b040258e/spring-web-4.3.11.RELEASE.jar:/Users/Carlos/.gradle/caches/modules-2/files-2.1/org.glassfish.jersey.core/jersey-server/2.25.1/276e2ee0fd1cdabf99357fce560c5baab675b1a2/jersey-server-2.25.1.jar:/Users/Carlos/.gradle/caches/modules-2/files-2.1/org.glassfish.jersey.containers/jersey-container-servlet-core/2.25.1/400e30bb035a0cdf3c554530224141ce659a0d1e/jersey-container-servlet-core-2.25.1.jar:/Users/Carlos/.gradle/caches/modules-2/files-2.1/org.glassfish.jersey.containers/jersey-container-servlet/2.25.1/cf5f7a76fcea38158b890ab7a0142d4db709a882/jersey-container-servlet-2.25.1.jar:/Users/Carlos/.gradle/caches/modules-2/files-2.1/org.glassfish.jersey.ext/jersey-bean-validation/2.25.1/1971927d79cad0ad2b5a3bfda24967748a2023d/jersey-bean-validation-2.25.1.jar:/Users/Carlos/.gradle/caches/modules-2/files-2.1/org.glassfish.jersey.ext/jersey-spring3/2.25.1/a31bfcd2fcae5beb979d3f41079b6f4020d6fbc9/jersey-spring3-2.25.1.jar:/Users/Carlos/.gradle/caches/modules-2/files-2.1/org.glassfish.jersey.media/jersey-media-json-jackson/2.25.1/19d1e4276eb7b6386640c344d9e5c01eba7eae5d/jersey-media-json-jackson-2.25.1.jar:/Users/Carlos/.gradle/caches/modules-2/files-2.1/org.hibernate/hibernate-validator/5.3.5.Final/622a9bcef2eed6d41b5b8e0662c36212009e375/hibernate-validator-5.3.5.Final.jar:/Users/Carlos/.gradle/caches/modules-2/files-2.1/org.springframework/spring-webmvc/4.3.11.RELEASE/814f91ec4dc324e724bbe7cbc5045b234604c539/spring-webmvc-4.3.11.RELEASE.jar:/Users/Carlos/.gradle/caches/modules-2/files-2.1/org.springframework.boot/spring-boot-test/1.5.7.RELEASE/b8d77445d48f4320f404d8f13f4e5cb95bc36b30/spring-boot-test-1.5.7.RELEASE.jar:/Users/Carlos/.gradle/caches/modules-2/files-2.1/org.springframework.boot/spring-boot-test-autoconfigure/1.5.7.RELEASE/8bead16b97c9f1b5fe7c47f3e030dd9351a6974d/spring-boot-test-autoconfigure-1.5.7.RELEASE.jar:/Users/Carlos/.gradle/caches/modules-2/files-2.1/com.jayway.jsonpath/json-path/2.2.0/22290d17944bd239fabf5ac69005a60a7ecbbbcb/json-path-2.2.0.jar:/Users/Carlos/.gradle/caches/modules-2/files-2.1/junit/junit/4.12/2973d150c0dc1fefe998f834810d68f278ea58ec/junit-4.12.jar:/Users/Carlos/.gradle/caches/modules-2/files-2.1/org.assertj/assertj-core/2.6.0/b532c3fc4f66bcfee4989a3514f1cd56203a33ad/assertj-core-2.6.0.jar:/Users/Carlos/.gradle/caches/modules-2/files-2.1/org.mockito/mockito-core/1.10.19/e8546f5bef4e061d8dd73895b4e8f40e3fe6effe/mockito-core-1.10.19.jar:/Users/Carlos/.gradle/caches/modules-2/files-2.1/org.hamcrest/hamcrest-core/1.3/42a25dc3219429f0e5d060061f71acb49bf010a0/hamcrest-core-1.3.jar:/Users/Carlos/.gradle/caches/modules-2/files-2.1/org.hamcrest/hamcrest-library/1.3/4785a3c21320980282f9f33d0d1264a69040538f/hamcrest-library-1.3.jar:/Users/Carlos/.gradle/caches/modules-2/files-2.1/org.skyscreamer/jsonassert/1.4.0/9cdbb373a06f6513e51e8c545ee6a5e981463edb/jsonassert-1.4.0.jar:/Users/Carlos/.gradle/caches/modules-2/files-2.1/org.springframework/spring-core/4.3.11.RELEASE/eb30ed093f628279d3aead068fd478fa343f1dad/spring-core-4.3.11.RELEASE.jar:/Users/Carlos/.gradle/caches/modules-2/files-2.1/org.springframework/spring-test/4.3.11.RELEASE/cf765b5d6d6bdc38c67522ecae3fe9549da43e1/spring-test-4.3.11.RELEASE.jar:/Users/Carlos/.gradle/caches/modules-2/files-2.1/org.springframework.boot/spring-boot/1.5.7.RELEASE/1006870df7b3dc203df7ce84463c5dd7049fdaa4/spring-boot-1.5.7.RELEASE.jar:/Users/Carlos/.gradle/caches/modules-2/files-2.1/org.springframework.boot/spring-boot-autoconfigure/1.5.7.RELEASE/e83f1407ff991e9e7eb156f49fa19d868bb73289/spring-boot-autoconfigure-1.5.7.RELEASE.jar:/Users/Carlos/.gradle/caches/modules-2/files-2.1/org.springframework.boot/spring-boot-starter-logging/1.5.7.RELEASE/c84c4ea09d7f789a0d5e936a961471e5dbd9295e/spring-boot-starter-logging-1.5.7.RELEASE.jar:/Users/Carlos/.gradle/caches/modules-2/files-2.1/org.yaml/snakeyaml/1.17/7a27ea250c5130b2922b86dea63cbb1cc10a660c/snakeyaml-1.17.jar:/Users/Carlos/.gradle/caches/modules-2/files-2.1/org.springframework/spring-aop/4.3.11.RELEASE/461d0bb58f1de30203d9331adf4b51de9554de5a/spring-aop-4.3.11.RELEASE.jar:/Users/Carlos/.gradle/caches/modules-2/files-2.1/org.aspectj/aspectjweaver/1.8.10/e198c5fee28988c355f74e06461614eae36b2032/aspectjweaver-1.8.10.jar:/Users/Carlos/.gradle/caches/modules-2/files-2.1/org.apache.tomcat/tomcat-jdbc/8.5.20/10d0d288d837ddfc92096920e4571054a3934160/tomcat-jdbc-8.5.20.jar:/Users/Carlos/.gradle/caches/modules-2/files-2.1/org.springframework/spring-jdbc/4.3.11.RELEASE/642ed7497d327f299caccb930af6b65e229864c4/spring-jdbc-4.3.11.RELEASE.jar:/Users/Carlos/.gradle/caches/modules-2/files-2.1/org.jboss.logging/jboss-logging/3.3.1.Final/c46217ab74b532568c0ed31dc599db3048bd1b67/jboss-logging-3.3.1.Final.jar:/Users/Carlos/.gradle/caches/modules-2/files-2.1/org.hibernate.javax.persistence/hibernate-jpa-2.1-api/1.0.0.Final/5e731d961297e5a07290bfaf3db1fbc8bbbf405a/hibernate-jpa-2.1-api-1.0.0.Final.jar:/Users/Carlos/.gradle/caches/modules-2/files-2.1/org.javassist/javassist/3.21.0-GA/598244f595db5c5fb713731eddbb1c91a58d959b/javassist-3.21.0-GA.jar:/Users/Carlos/.gradle/caches/modules-2/files-2.1/antlr/antlr/2.7.7/83cd2cd674a217ade95a4bb83a8a14f351f48bd0/antlr-2.7.7.jar:/Users/Carlos/.gradle/caches/modules-2/files-2.1/org.jboss/jandex/2.0.0.Final/3e899258936f94649c777193e1be846387ed54b3/jandex-2.0.0.Final.jar:/Users/Carlos/.gradle/caches/modules-2/files-2.1/dom4j/dom4j/1.6.1/5d3ccc056b6f056dbf0dddfdf43894b9065a8f94/dom4j-1.6.1.jar:/Users/Carlos/.gradle/caches/modules-2/files-2.1/org.hibernate.common/hibernate-commons-annotations/5.0.1.Final/71e1cff3fcb20d3b3af4f3363c3ddb24d33c6879/hibernate-commons-annotations-5.0.1.Final.jar:/Users/Carlos/.gradle/caches/modules-2/files-2.1/org.springframework.data/spring-data-commons/1.13.7.RELEASE/cf4538abda1f0a9cf2323d6e4204df0130aeec73/spring-data-commons-1.13.7.RELEASE.jar:/Users/Carlos/.gradle/caches/modules-2/files-2.1/org.springframework/spring-orm/4.3.11.RELEASE/7ba1b25ad62b29295aa90ae88f9f35e84861953c/spring-orm-4.3.11.RELEASE.jar:/Users/Carlos/.gradle/caches/modules-2/files-2.1/org.springframework/spring-context/4.3.11.RELEASE/3efec2d7c7469d49108a2b21c3f15831f7297569/spring-context-4.3.11.RELEASE.jar:/Users/Carlos/.gradle/caches/modules-2/files-2.1/org.springframework/spring-tx/4.3.11.RELEASE/c931ee363d2269f03edfeb83d7d7fe23924ab8a1/spring-tx-4.3.11.RELEASE.jar:/Users/Carlos/.gradle/caches/modules-2/files-2.1/org.springframework/spring-beans/4.3.11.RELEASE/591cc35fd39292adae13f01aa13e978d0bb11936/spring-beans-4.3.11.RELEASE.jar:/Users/Carlos/.gradle/caches/modules-2/files-2.1/org.slf4j/slf4j-api/1.7.25/da76ca59f6a57ee3102f8f9bd9cee742973efa8a/slf4j-api-1.7.25.jar:/Users/Carlos/.gradle/caches/modules-2/files-2.1/org.slf4j/jcl-over-slf4j/1.7.25/f8c32b13ff142a513eeb5b6330b1588dcb2c0461/jcl-over-slf4j-1.7.25.jar:/Users/Carlos/.gradle/caches/modules-2/files-2.1/org.apache.tomcat.embed/tomcat-embed-core/8.5.20/b9026ee20f1f6a2b0fc3e51dd806d800901448b0/tomcat-embed-core-8.5.20.jar:/Users/Carlos/.gradle/caches/modules-2/files-2.1/org.apache.tomcat.embed/tomcat-embed-el/8.5.20/42960f481a8a80f4ffd3b865c2232820e3565bf1/tomcat-embed-el-8.5.20.jar:/Users/Carlos/.gradle/caches/modules-2/files-2.1/org.apache.tomcat.embed/tomcat-embed-websocket/8.5.20/4df9055507926a2651f691cc9964c50493a0ab29/tomcat-embed-websocket-8.5.20.jar:/Users/Carlos/.gradle/caches/modules-2/files-2.1/com.fasterxml.jackson.core/jackson-annotations/2.8.0/45b426f7796b741035581a176744d91090e2e6fb/jackson-annotations-2.8.0.jar:/Users/Carlos/.gradle/caches/modules-2/files-2.1/com.fasterxml.jackson.core/jackson-core/2.8.10/eb21a035c66ad307e66ec8fce37f5d50fd62d039/jackson-core-2.8.10.jar:/Users/Carlos/.gradle/caches/modules-2/files-2.1/org.glassfish.jersey.core/jersey-common/2.25.1/2438ce68d4907046095ab54aa83a6092951b4bbb/jersey-common-2.25.1.jar:/Users/Carlos/.gradle/caches/modules-2/files-2.1/org.glassfish.jersey.core/jersey-client/2.25.1/4d563b1f93352ee9fad597e9e1daf2c6159993c6/jersey-client-2.25.1.jar:/Users/Carlos/.gradle/caches/modules-2/files-2.1/javax.ws.rs/javax.ws.rs-api/2.0.1/104e9c2b5583cfcfeac0402316221648d6d8ea6b/javax.ws.rs-api-2.0.1.jar:/Users/Carlos/.gradle/caches/modules-2/files-2.1/org.glassfish.jersey.media/jersey-media-jaxb/2.25.1/d7da0beeed5614a3bfd882662faec602699e24b/jersey-media-jaxb-2.25.1.jar:/Users/Carlos/.gradle/caches/modules-2/files-2.1/javax.annotation/javax.annotation-api/1.2/479c1e06db31c432330183f5cae684163f186146/javax.annotation-api-1.2.jar:/Users/Carlos/.gradle/caches/modules-2/files-2.1/org.glassfish.hk2/hk2-api/2.5.0-b32/6a576c9653832ce610b80a2f389374ef19d96171/hk2-api-2.5.0-b32.jar:/Users/Carlos/.gradle/caches/modules-2/files-2.1/org.glassfish.hk2.external/javax.inject/2.5.0-b32/b2fa50c8186a38728c35fe6a9da57ce4cc806923/javax.inject-2.5.0-b32.jar:/Users/Carlos/.gradle/caches/modules-2/files-2.1/org.glassfish.hk2/hk2-locator/2.5.0-b32/195474f8ad0a8d130e9ea949a771bcf1215fc33b/hk2-locator-2.5.0-b32.jar:/Users/Carlos/.gradle/caches/modules-2/files-2.1/javax.validation/validation-api/1.1.0.Final/8613ae82954779d518631e05daa73a6a954817d5/validation-api-1.1.0.Final.jar:/Users/Carlos/.gradle/caches/modules-2/files-2.1/org.glassfish.hk2/hk2/2.5.0-b32/c3accae585955e49c771d464899e906ecc9ffb4/hk2-2.5.0-b32.jar:/Users/Carlos/.gradle/caches/modules-2/files-2.1/org.glassfish.hk2/spring-bridge/2.5.0-b32/f38ecef23edc769942a95c062efd63541044de42/spring-bridge-2.5.0-b32.jar:/Users/Carlos/.gradle/caches/modules-2/files-2.1/org.glassfish.jersey.ext/jersey-entity-filtering/2.25.1/4a5805060f796ec2c9bb1ba0ce91c1db6d889524/jersey-entity-filtering-2.25.1.jar:/Users/Carlos/.gradle/caches/modules-2/files-2.1/com.fasterxml.jackson.jaxrs/jackson-jaxrs-base/2.8.10/50a3d02a31cb427272a96fe696b5ac9442c7cfa1/jackson-jaxrs-base-2.8.10.jar:/Users/Carlos/.gradle/caches/modules-2/files-2.1/com.fasterxml.jackson.jaxrs/jackson-jaxrs-json-provider/2.8.10/f8837cf03871569eb02a491dea64929e5da14b4/jackson-jaxrs-json-provider-2.8.10.jar:/Users/Carlos/.gradle/caches/modules-2/files-2.1/com.fasterxml/classmate/1.3.4/3d5f48f10bbe4eb7bd862f10c0583be2e0053c6/classmate-1.3.4.jar:/Users/Carlos/.gradle/caches/modules-2/files-2.1/org.springframework/spring-expression/4.3.11.RELEASE/fca662a2fccdad90ec22b2aaecb021047dcbe249/spring-expression-4.3.11.RELEASE.jar:/Users/Carlos/.gradle/caches/modules-2/files-2.1/net.minidev/json-smart/2.2.1/5b9e5df7a62d1279b70dc882b041d249c4f0b002/json-smart-2.2.1.jar:/Users/Carlos/.gradle/caches/modules-2/files-2.1/org.objenesis/objenesis/2.1/87c0ea803b69252868d09308b4618f766f135a96/objenesis-2.1.jar:/Users/Carlos/.gradle/caches/modules-2/files-2.1/com.vaadin.external.google/android-json/0.0.20131108.vaadin1/fa26d351fe62a6a17f5cda1287c1c6110dec413f/android-json-0.0.20131108.vaadin1.jar:/Users/Carlos/.gradle/caches/modules-2/files-2.1/ch.qos.logback/logback-classic/1.1.11/ccedfbacef4a6515d2983e3f89ed753d5d4fb665/logback-classic-1.1.11.jar:/Users/Carlos/.gradle/caches/modules-2/files-2.1/org.slf4j/jul-to-slf4j/1.7.25/af5364cd6679bfffb114f0dec8a157aaa283b76/jul-to-slf4j-1.7.25.jar:/Users/Carlos/.gradle/caches/modules-2/files-2.1/org.slf4j/log4j-over-slf4j/1.7.25/a87bb47468f47ee7aabbd54f93e133d4215769c3/log4j-over-slf4j-1.7.25.jar:/Users/Carlos/.gradle/caches/modules-2/files-2.1/org.apache.tomcat/tomcat-juli/8.5.20/6c0579d329696059f377585d2a51455bf083d9ee/tomcat-juli-8.5.20.jar:/Users/Carlos/.gradle/caches/modules-2/files-2.1/org.glassfish.jersey.bundles.repackaged/jersey-guava/2.25.1/a2bb4f8208e134cf2cf71dfb8824e42942f7bd06/jersey-guava-2.25.1.jar:/Users/Carlos/.gradle/caches/modules-2/files-2.1/org.glassfish.hk2/osgi-resource-locator/1.0.1/4ed2b2d4738aed5786cfa64cba5a332779c4c708/osgi-resource-locator-1.0.1.jar:/Users/Carlos/.gradle/caches/modules-2/files-2.1/org.glassfish.hk2/hk2-utils/2.5.0-b32/5108a926988c4ceda7f1e681dddfe3101454a002/hk2-utils-2.5.0-b32.jar:/Users/Carlos/.gradle/caches/modules-2/files-2.1/org.glassfish.hk2.external/aopalliance-repackaged/2.5.0-b32/6af37c3f8ec6f9e9653ec837eb508da28ce443cd/aopalliance-repackaged-2.5.0-b32.jar:/Users/Carlos/.gradle/caches/modules-2/files-2.1/org.glassfish.hk2/config-types/2.5.0-b32/686bbe7f80b1b879d64c06bc6606c97721a795f2/config-types-2.5.0-b32.jar:/Users/Carlos/.gradle/caches/modules-2/files-2.1/org.glassfish.hk2/hk2-core/2.5.0-b32/8cb6a8a9522ec523b7740d29f555bdbe9d936af2/hk2-core-2.5.0-b32.jar:/Users/Carlos/.gradle/caches/modules-2/files-2.1/org.glassfish.hk2/hk2-config/2.5.0-b32/dce05ac4225dbc0c1c382ad02e3b5bee51f0168a/hk2-config-2.5.0-b32.jar:/Users/Carlos/.gradle/caches/modules-2/files-2.1/org.glassfish.hk2/hk2-runlevel/2.5.0-b32/60dc979763ea885e796cba4d3e322af8d500ba74/hk2-runlevel-2.5.0-b32.jar:/Users/Carlos/.gradle/caches/modules-2/files-2.1/org.glassfish.hk2/class-model/2.5.0-b32/17f054f3e91898c0c0fc52163ad904b13c24e8b/class-model-2.5.0-b32.jar:/Users/Carlos/.gradle/caches/modules-2/files-2.1/com.fasterxml.jackson.module/jackson-module-jaxb-annotations/2.8.10/22df8efd0cff7661bf136148c73e2651748f7600/jackson-module-jaxb-annotations-2.8.10.jar:/Users/Carlos/.gradle/caches/modules-2/files-2.1/net.minidev/accessors-smart/1.1/a527213f2fea112a04c9bdf0ec0264e34104cd08/accessors-smart-1.1.jar:/Users/Carlos/.gradle/caches/modules-2/files-2.1/ch.qos.logback/logback-core/1.1.11/88b8df40340eed549fb07e2613879bf6b006704d/logback-core-1.1.11.jar:/Users/Carlos/.gradle/caches/modules-2/files-2.1/org.glassfish.hk2.external/asm-all-repackaged/2.5.0-b32/dc705f1d54cd5a96cbc5a473525e75ef1cb59a9e/asm-all-repackaged-2.5.0-b32.jar:/Users/Carlos/.gradle/caches/modules-2/files-2.1/org.ow2.asm/asm/5.0.3/dcc2193db20e19e1feca8b1240dbbc4e190824fa/asm-5.0.3.jar:/Users/Carlos/projects/centripioMonedero/monedero/build/classes/main:/Users/Carlos/projects/centripioMonedero/monedero/build/resources/main:/Users/Carlos/projects/centripioMonedero/monedero/build/classes/test:/Users/Carlos/projects/centripioMonedero/monedero/build/resources/test, user.name=Carlos, java.vm.specification.version=1.8, sun.java.command=worker.org.gradle.process.internal.worker.GradleWorkerMain 'Gradle Test Executor 1', java.home=/Library/Java/JavaVirtualMachines/jdk1.8.0_65.jdk/Contents/Home/jre, sun.arch.data.model=64, user.language=en, java.specification.vendor=Oracle Corporation, awt.toolkit=sun.lwawt.macosx.LWCToolkit, java.vm.info=mixed mode, java.version=1.8.0_65, java.ext.dirs=/Users/Carlos/Library/Java/Extensions:/Library/Java/JavaVirtualMachines/jdk1.8.0_65.jdk/Contents/Home/jre/lib/ext:/Library/Java/Extensions:/Network/Library/Java/Extensions:/System/Library/Java/Extensions:/usr/lib/java, sun.boot.class.path=/Library/Java/JavaVirtualMachines/jdk1.8.0_65.jdk/Contents/Home/jre/lib/resources.jar:/Library/Java/JavaVirtualMachines/jdk1.8.0_65.jdk/Contents/Home/jre/lib/rt.jar:/Library/Java/JavaVirtualMachines/jdk1.8.0_65.jdk/Contents/Home/jre/lib/sunrsasign.jar:/Library/Java/JavaVirtualMachines/jdk1.8.0_65.jdk/Contents/Home/jre/lib/jsse.jar:/Library/Java/JavaVirtualMachines/jdk1.8.0_65.jdk/Contents/Home/jre/lib/jce.jar:/Library/Java/JavaVirtualMachines/jdk1.8.0_65.jdk/Contents/Home/jre/lib/charsets.jar:/Library/Java/JavaVirtualMachines/jdk1.8.0_65.jdk/Contents/Home/jre/lib/jfr.jar:/Library/Java/JavaVirtualMachines/jdk1.8.0_65.jdk/Contents/Home/jre/classes, java.vendor=Oracle Corporation, org.gradle.test.worker=1, file.separator=/, java.vendor.url.bug=http://bugreport.sun.com/bugreport/, sun.io.unicode.encoding=UnicodeBig, sun.cpu.endian=little, socksNonProxyHosts=local|*.local|169.254/16|*.169.254/16, ftp.nonProxyHosts=local|*.local|169.254/16|*.169.254/16, sun.cpu.isalist=}}, SystemEnvironmentPropertySource@1829233692 {name='systemEnvironment', properties={PATH=//anaconda/bin:/usr/local/bin:/usr/bin:/bin:/usr/sbin:/sbin://anaconda/bin:/Applications/hadoop/hadoop-2.6.3/bin:/Applications/hadoop/hadoop-2.6.3/bin, HADOOP_CONF_DIR=/Applications/hadoop/hadoop-2.6.3/etc/hadoop, APP_ICON_12371=/Users/Carlos/projects/centripioMonedero/monedero/media/gradle.icns, APP_NAME_12371=Gradle, JAVA_HOME=/Library/Java/JavaVirtualMachines/jdk1.8.0_65.jdk/Contents/Home, TERM=xterm-256color, COMMAND_MODE=unix2003, HADOOP_HDFS_HOME=/Applications/hadoop/hadoop-2.6.3, LOGNAME=Carlos, HADOOP_MAPRED_HOME=/Applications/hadoop/hadoop-2.6.3, GIT_PS1_SHOWDIRTYSTATE=1, JAVA_MAIN_CLASS_12383=worker.org.gradle.process.internal.worker.GradleWorkerMain, PWD=/Users/Carlos/projects/centripioMonedero/monedero, XPC_SERVICE_NAME=0, HADOOP_COMMON_HOME=/Applications/hadoop/hadoop-2.6.3, HADOOP_PREFIX=/Applications/hadoop/hadoop-2.6.3, HADOOP_INSTALL=/Applications/hadoop/hadoop-2.6.3, SHELL=/bin/bash, OLDPWD=/Users/Carlos/projects/centripioMonedero/monedero, SECURITYSESSIONID=186a9, HADOOP_YARN_HOME=/Applications/hadoop/hadoop-2.6.3, USER=Carlos, TMPDIR=/var/folders/4g/9vrkhqcn713bv9ff21159f4h0000gn/T/, SSH_AUTH_SOCK=/private/tmp/com.apple.launchd.0zoCCoNSXy/Listeners, XPC_FLAGS=0x0, HADOOP_HOME=/Applications/hadoop/hadoop-2.6.3, __CF_USER_TEXT_ENCODING=0x1F5:0x0:0x0, Apple_PubSub_Socket_Render=/private/tmp/com.apple.launchd.q1VceWtBIc/Render, LC_CTYPE=en_US.UTF-8, JAVA_MAIN_CLASS_12371=org.gradle.wrapper.GradleWrapperMain, SHLVL=1, HOME=/Users/Carlos}}]
07:58:13.907 [Test worker] DEBUG org.springframework.test.context.support.AnnotationConfigContextLoader - Registering annotated classes: {class com.centripio.config.AppConfig}
07:58:13.964 [Test worker] INFO org.springframework.context.support.GenericApplicationContext - Refreshing org.springframework.context.support.GenericApplicationContext@339f7229: startup date [Sat Nov 18 07:58:13 PST 2017]; root of context hierarchy
07:58:13.965 [Test worker] DEBUG org.springframework.context.support.GenericApplicationContext - Bean factory for org.springframework.context.support.GenericApplicationContext@339f7229: org.springframework.beans.factory.support.DefaultListableBeanFactory@626c046d: defining beans [org.springframework.context.annotation.internalConfigurationAnnotationProcessor,org.springframework.context.annotation.internalAutowiredAnnotationProcessor,org.springframework.context.annotation.internalRequiredAnnotationProcessor,org.springframework.context.annotation.internalCommonAnnotationProcessor,org.springframework.context.annotation.internalPersistenceAnnotationProcessor,org.springframework.context.event.internalEventListenerProcessor,org.springframework.context.event.internalEventListenerFactory,appConfig,org.springframework.boot.test.mock.mockito.MockitoPostProcessor$SpyPostProcessor,org.springframework.boot.test.mock.mockito.MockitoPostProcessor]; root of factory hierarchy
07:58:13.980 [Test worker] DEBUG org.springframework.beans.factory.support.DefaultListableBeanFactory - Creating shared instance of singleton bean 'org.springframework.context.annotation.internalConfigurationAnnotationProcessor'
07:58:13.981 [Test worker] DEBUG org.springframework.beans.factory.support.DefaultListableBeanFactory - Creating instance of bean 'org.springframework.context.annotation.internalConfigurationAnnotationProcessor'
07:58:14.000 [Test worker] DEBUG org.springframework.beans.factory.support.DefaultListableBeanFactory - Eagerly caching bean 'org.springframework.context.annotation.internalConfigurationAnnotationProcessor' to allow for resolving potential circular references
07:58:14.001 [Test worker] DEBUG org.springframework.beans.factory.support.DefaultListableBeanFactory - Finished creating instance of bean 'org.springframework.context.annotation.internalConfigurationAnnotationProcessor'
07:58:14.020 [Test worker] DEBUG org.springframework.context.annotation.ClassPathBeanDefinitionScanner - JSR-250 'javax.annotation.ManagedBean' found and supported for component scanning
07:58:14.021 [Test worker] DEBUG org.springframework.context.annotation.ClassPathBeanDefinitionScanner - JSR-330 'javax.inject.Named' annotation found and supported for component scanning
07:58:14.023 [Test worker] DEBUG org.springframework.core.io.support.PathMatchingResourcePatternResolver - Resolved classpath location [com/centripio/] to resources [URL [file:/Users/Carlos/projects/centripioMonedero/monedero/build/classes/integrationTest/com/centripio/], URL [file:/Users/Carlos/projects/centripioMonedero/monedero/build/classes/main/com/centripio/], URL [file:/Users/Carlos/projects/centripioMonedero/monedero/build/classes/test/com/centripio/]]
07:58:14.024 [Test worker] DEBUG org.springframework.core.io.support.PathMatchingResourcePatternResolver - Looking for matching resources in directory tree [/Users/Carlos/projects/centripioMonedero/monedero/build/classes/integrationTest/com/centripio]
07:58:14.024 [Test worker] DEBUG org.springframework.core.io.support.PathMatchingResourcePatternResolver - Searching directory [/Users/Carlos/projects/centripioMonedero/monedero/build/classes/integrationTest/com/centripio] for files matching pattern [/Users/Carlos/projects/centripioMonedero/monedero/build/classes/integrationTest/com/centripio/**/*.class]
07:58:14.025 [Test worker] DEBUG org.springframework.core.io.support.PathMatchingResourcePatternResolver - Searching directory [/Users/Carlos/projects/centripioMonedero/monedero/build/classes/integrationTest/com/centripio/repositories] for files matching pattern [/Users/Carlos/projects/centripioMonedero/monedero/build/classes/integrationTest/com/centripio/**/*.class]
07:58:14.027 [Test worker] DEBUG org.springframework.core.io.support.PathMatchingResourcePatternResolver - Looking for matching resources in directory tree [/Users/Carlos/projects/centripioMonedero/monedero/build/classes/main/com/centripio]
07:58:14.027 [Test worker] DEBUG org.springframework.core.io.support.PathMatchingResourcePatternResolver - Searching directory [/Users/Carlos/projects/centripioMonedero/monedero/build/classes/main/com/centripio] for files matching pattern [/Users/Carlos/projects/centripioMonedero/monedero/build/classes/main/com/centripio/**/*.class]
07:58:14.027 [Test worker] DEBUG org.springframework.core.io.support.PathMatchingResourcePatternResolver - Searching directory [/Users/Carlos/projects/centripioMonedero/monedero/build/classes/main/com/centripio/config] for files matching pattern [/Users/Carlos/projects/centripioMonedero/monedero/build/classes/main/com/centripio/**/*.class]
07:58:14.028 [Test worker] DEBUG org.springframework.core.io.support.PathMatchingResourcePatternResolver - Searching directory [/Users/Carlos/projects/centripioMonedero/monedero/build/classes/main/com/centripio/cuentas] for files matching pattern [/Users/Carlos/projects/centripioMonedero/monedero/build/classes/main/com/centripio/**/*.class]
07:58:14.028 [Test worker] DEBUG org.springframework.core.io.support.PathMatchingResourcePatternResolver - Searching directory [/Users/Carlos/projects/centripioMonedero/monedero/build/classes/main/com/centripio/cuentas/repository] for files matching pattern [/Users/Carlos/projects/centripioMonedero/monedero/build/classes/main/com/centripio/**/*.class]
07:58:14.028 [Test worker] DEBUG org.springframework.core.io.support.PathMatchingResourcePatternResolver - Searching directory [/Users/Carlos/projects/centripioMonedero/monedero/build/classes/main/com/centripio/cuentas/service] for files matching pattern [/Users/Carlos/projects/centripioMonedero/monedero/build/classes/main/com/centripio/**/*.class]
07:58:14.029 [Test worker] DEBUG org.springframework.core.io.support.PathMatchingResourcePatternResolver - Searching directory [/Users/Carlos/projects/centripioMonedero/monedero/build/classes/main/com/centripio/domain] for files matching pattern [/Users/Carlos/projects/centripioMonedero/monedero/build/classes/main/com/centripio/**/*.class]
07:58:14.029 [Test worker] DEBUG org.springframework.core.io.support.PathMatchingResourcePatternResolver - Searching directory [/Users/Carlos/projects/centripioMonedero/monedero/build/classes/main/com/centripio/envios] for files matching pattern [/Users/Carlos/projects/centripioMonedero/monedero/build/classes/main/com/centripio/**/*.class]
07:58:14.029 [Test worker] DEBUG org.springframework.core.io.support.PathMatchingResourcePatternResolver - Searching directory [/Users/Carlos/projects/centripioMonedero/monedero/build/classes/main/com/centripio/envios/controller] for files matching pattern [/Users/Carlos/projects/centripioMonedero/monedero/build/classes/main/com/centripio/**/*.class]
07:58:14.030 [Test worker] DEBUG org.springframework.core.io.support.PathMatchingResourcePatternResolver - Searching directory [/Users/Carlos/projects/centripioMonedero/monedero/build/classes/main/com/centripio/envios/dto] for files matching pattern [/Users/Carlos/projects/centripioMonedero/monedero/build/classes/main/com/centripio/**/*.class]
07:58:14.030 [Test worker] DEBUG org.springframework.core.io.support.PathMatchingResourcePatternResolver - Searching directory [/Users/Carlos/projects/centripioMonedero/monedero/build/classes/main/com/centripio/envios/exception] for files matching pattern [/Users/Carlos/projects/centripioMonedero/monedero/build/classes/main/com/centripio/**/*.class]
07:58:14.031 [Test worker] DEBUG org.springframework.core.io.support.PathMatchingResourcePatternResolver - Searching directory [/Users/Carlos/projects/centripioMonedero/monedero/build/classes/main/com/centripio/envios/repository] for files matching pattern [/Users/Carlos/projects/centripioMonedero/monedero/build/classes/main/com/centripio/**/*.class]
07:58:14.031 [Test worker] DEBUG org.springframework.core.io.support.PathMatchingResourcePatternResolver - Searching directory [/Users/Carlos/projects/centripioMonedero/monedero/build/classes/main/com/centripio/envios/service] for files matching pattern [/Users/Carlos/projects/centripioMonedero/monedero/build/classes/main/com/centripio/**/*.class]
07:58:14.032 [Test worker] DEBUG org.springframework.core.io.support.PathMatchingResourcePatternResolver - Looking for matching resources in directory tree [/Users/Carlos/projects/centripioMonedero/monedero/build/classes/test/com/centripio]
07:58:14.032 [Test worker] DEBUG org.springframework.core.io.support.PathMatchingResourcePatternResolver - Searching directory [/Users/Carlos/projects/centripioMonedero/monedero/build/classes/test/com/centripio] for files matching pattern [/Users/Carlos/projects/centripioMonedero/monedero/build/classes/test/com/centripio/**/*.class]
07:58:14.032 [Test worker] DEBUG org.springframework.core.io.support.PathMatchingResourcePatternResolver - Searching directory [/Users/Carlos/projects/centripioMonedero/monedero/build/classes/test/com/centripio/service] for files matching pattern [/Users/Carlos/projects/centripioMonedero/monedero/build/classes/test/com/centripio/**/*.class]
07:58:14.032 [Test worker] DEBUG org.springframework.core.io.support.PathMatchingResourcePatternResolver - Resolved location pattern [classpath*:com/centripio/**/*.class] to resources [file [/Users/Carlos/projects/centripioMonedero/monedero/build/classes/integrationTest/com/centripio/repositories/CuentaRepositoryTest.class], file [/Users/Carlos/projects/centripioMonedero/monedero/build/classes/integrationTest/com/centripio/repositories/EnviosRepositoryTest.class], file [/Users/Carlos/projects/centripioMonedero/monedero/build/classes/main/com/centripio/MonederoApplication.class], file [/Users/Carlos/projects/centripioMonedero/monedero/build/classes/main/com/centripio/config/AppConfig.class], file [/Users/Carlos/projects/centripioMonedero/monedero/build/classes/main/com/centripio/cuentas/repository/CuentaRepository.class], file [/Users/Carlos/projects/centripioMonedero/monedero/build/classes/main/com/centripio/cuentas/service/CuentasDestinoServicio.class], file [/Users/Carlos/projects/centripioMonedero/monedero/build/classes/main/com/centripio/domain/Cuenta.class], file [/Users/Carlos/projects/centripioMonedero/monedero/build/classes/main/com/centripio/domain/Envio.class], file [/Users/Carlos/projects/centripioMonedero/monedero/build/classes/main/com/centripio/domain/Monedero.class], file [/Users/Carlos/projects/centripioMonedero/monedero/build/classes/main/com/centripio/envios/controller/EnviosController.class], file [/Users/Carlos/projects/centripioMonedero/monedero/build/classes/main/com/centripio/envios/dto/EnvioResponse.class], file [/Users/Carlos/projects/centripioMonedero/monedero/build/classes/main/com/centripio/envios/dto/EnviosResponse.class], file [/Users/Carlos/projects/centripioMonedero/monedero/build/classes/main/com/centripio/envios/exception/CuentaNoExistenteException.class], file [/Users/Carlos/projects/centripioMonedero/monedero/build/classes/main/com/centripio/envios/repository/EnviosRepository.class], file [/Users/Carlos/projects/centripioMonedero/monedero/build/classes/main/com/centripio/envios/service/CuentaServicio.class], file [/Users/Carlos/projects/centripioMonedero/monedero/build/classes/main/com/centripio/envios/service/EnviosServicio.class], file [/Users/Carlos/projects/centripioMonedero/monedero/build/classes/test/com/centripio/MonederoApplicationTests.class], file [/Users/Carlos/projects/centripioMonedero/monedero/build/classes/test/com/centripio/service/EnviosServiceTest.class]]
07:58:14.071 [Test worker] DEBUG org.springframework.context.annotation.ClassPathBeanDefinitionScanner - Identified candidate component class: file [/Users/Carlos/projects/centripioMonedero/monedero/build/classes/main/com/centripio/MonederoApplication.class]
07:58:14.074 [Test worker] DEBUG org.springframework.context.annotation.ClassPathBeanDefinitionScanner - Ignored because not a concrete top-level class: file [/Users/Carlos/projects/centripioMonedero/monedero/build/classes/main/com/centripio/cuentas/repository/CuentaRepository.class]
07:58:14.074 [Test worker] DEBUG org.springframework.context.annotation.ClassPathBeanDefinitionScanner - Identified candidate component class: file [/Users/Carlos/projects/centripioMonedero/monedero/build/classes/main/com/centripio/cuentas/service/CuentasDestinoServicio.class]
07:58:14.082 [Test worker] DEBUG org.springframework.context.annotation.ClassPathBeanDefinitionScanner - Identified candidate component class: file [/Users/Carlos/projects/centripioMonedero/monedero/build/classes/main/com/centripio/envios/controller/EnviosController.class]
07:58:14.083 [Test worker] DEBUG org.springframework.context.annotation.ClassPathBeanDefinitionScanner - Ignored because not a concrete top-level class: file [/Users/Carlos/projects/centripioMonedero/monedero/build/classes/main/com/centripio/envios/repository/EnviosRepository.class]
07:58:14.084 [Test worker] DEBUG org.springframework.context.annotation.ClassPathBeanDefinitionScanner - Identified candidate component class: file [/Users/Carlos/projects/centripioMonedero/monedero/build/classes/main/com/centripio/envios/service/EnviosServicio.class]
07:58:14.092 [Test worker] DEBUG org.springframework.context.annotation.ClassPathBeanDefinitionScanner - JSR-250 'javax.annotation.ManagedBean' found and supported for component scanning
07:58:14.092 [Test worker] DEBUG org.springframework.context.annotation.ClassPathBeanDefinitionScanner - JSR-330 'javax.inject.Named' annotation found and supported for component scanning
07:58:14.093 [Test worker] DEBUG org.springframework.core.io.support.PathMatchingResourcePatternResolver - Resolved classpath location [com/centripio/] to resources [URL [file:/Users/Carlos/projects/centripioMonedero/monedero/build/classes/integrationTest/com/centripio/], URL [file:/Users/Carlos/projects/centripioMonedero/monedero/build/classes/main/com/centripio/], URL [file:/Users/Carlos/projects/centripioMonedero/monedero/build/classes/test/com/centripio/]]
07:58:14.093 [Test worker] DEBUG org.springframework.core.io.support.PathMatchingResourcePatternResolver - Looking for matching resources in directory tree [/Users/Carlos/projects/centripioMonedero/monedero/build/classes/integrationTest/com/centripio]
07:58:14.093 [Test worker] DEBUG org.springframework.core.io.support.PathMatchingResourcePatternResolver - Searching directory [/Users/Carlos/projects/centripioMonedero/monedero/build/classes/integrationTest/com/centripio] for files matching pattern [/Users/Carlos/projects/centripioMonedero/monedero/build/classes/integrationTest/com/centripio/**/*.class]
07:58:14.094 [Test worker] DEBUG org.springframework.core.io.support.PathMatchingResourcePatternResolver - Searching directory [/Users/Carlos/projects/centripioMonedero/monedero/build/classes/integrationTest/com/centripio/repositories] for files matching pattern [/Users/Carlos/projects/centripioMonedero/monedero/build/classes/integrationTest/com/centripio/**/*.class]
07:58:14.094 [Test worker] DEBUG org.springframework.core.io.support.PathMatchingResourcePatternResolver - Looking for matching resources in directory tree [/Users/Carlos/projects/centripioMonedero/monedero/build/classes/main/com/centripio]
07:58:14.094 [Test worker] DEBUG org.springframework.core.io.support.PathMatchingResourcePatternResolver - Searching directory [/Users/Carlos/projects/centripioMonedero/monedero/build/classes/main/com/centripio] for files matching pattern [/Users/Carlos/projects/centripioMonedero/monedero/build/classes/main/com/centripio/**/*.class]
07:58:14.094 [Test worker] DEBUG org.springframework.core.io.support.PathMatchingResourcePatternResolver - Searching directory [/Users/Carlos/projects/centripioMonedero/monedero/build/classes/main/com/centripio/config] for files matching pattern [/Users/Carlos/projects/centripioMonedero/monedero/build/classes/main/com/centripio/**/*.class]
07:58:14.095 [Test worker] DEBUG org.springframework.core.io.support.PathMatchingResourcePatternResolver - Searching directory [/Users/Carlos/projects/centripioMonedero/monedero/build/classes/main/com/centripio/cuentas] for files matching pattern [/Users/Carlos/projects/centripioMonedero/monedero/build/classes/main/com/centripio/**/*.class]
07:58:14.095 [Test worker] DEBUG org.springframework.core.io.support.PathMatchingResourcePatternResolver - Searching directory [/Users/Carlos/projects/centripioMonedero/monedero/build/classes/main/com/centripio/cuentas/repository] for files matching pattern [/Users/Carlos/projects/centripioMonedero/monedero/build/classes/main/com/centripio/**/*.class]
07:58:14.095 [Test worker] DEBUG org.springframework.core.io.support.PathMatchingResourcePatternResolver - Searching directory [/Users/Carlos/projects/centripioMonedero/monedero/build/classes/main/com/centripio/cuentas/service] for files matching pattern [/Users/Carlos/projects/centripioMonedero/monedero/build/classes/main/com/centripio/**/*.class]
07:58:14.095 [Test worker] DEBUG org.springframework.core.io.support.PathMatchingResourcePatternResolver - Searching directory [/Users/Carlos/projects/centripioMonedero/monedero/build/classes/main/com/centripio/domain] for files matching pattern [/Users/Carlos/projects/centripioMonedero/monedero/build/classes/main/com/centripio/**/*.class]
07:58:14.096 [Test worker] DEBUG org.springframework.core.io.support.PathMatchingResourcePatternResolver - Searching directory [/Users/Carlos/projects/centripioMonedero/monedero/build/classes/main/com/centripio/envios] for files matching pattern [/Users/Carlos/projects/centripioMonedero/monedero/build/classes/main/com/centripio/**/*.class]
07:58:14.096 [Test worker] DEBUG org.springframework.core.io.support.PathMatchingResourcePatternResolver - Searching directory [/Users/Carlos/projects/centripioMonedero/monedero/build/classes/main/com/centripio/envios/controller] for files matching pattern [/Users/Carlos/projects/centripioMonedero/monedero/build/classes/main/com/centripio/**/*.class]
07:58:14.096 [Test worker] DEBUG org.springframework.core.io.support.PathMatchingResourcePatternResolver - Searching directory [/Users/Carlos/projects/centripioMonedero/monedero/build/classes/main/com/centripio/envios/dto] for files matching pattern [/Users/Carlos/projects/centripioMonedero/monedero/build/classes/main/com/centripio/**/*.class]
07:58:14.096 [Test worker] DEBUG org.springframework.core.io.support.PathMatchingResourcePatternResolver - Searching directory [/Users/Carlos/projects/centripioMonedero/monedero/build/classes/main/com/centripio/envios/exception] for files matching pattern [/Users/Carlos/projects/centripioMonedero/monedero/build/classes/main/com/centripio/**/*.class]
07:58:14.096 [Test worker] DEBUG org.springframework.core.io.support.PathMatchingResourcePatternResolver - Searching directory [/Users/Carlos/projects/centripioMonedero/monedero/build/classes/main/com/centripio/envios/repository] for files matching pattern [/Users/Carlos/projects/centripioMonedero/monedero/build/classes/main/com/centripio/**/*.class]
07:58:14.097 [Test worker] DEBUG org.springframework.core.io.support.PathMatchingResourcePatternResolver - Searching directory [/Users/Carlos/projects/centripioMonedero/monedero/build/classes/main/com/centripio/envios/service] for files matching pattern [/Users/Carlos/projects/centripioMonedero/monedero/build/classes/main/com/centripio/**/*.class]
07:58:14.097 [Test worker] DEBUG org.springframework.core.io.support.PathMatchingResourcePatternResolver - Looking for matching resources in directory tree [/Users/Carlos/projects/centripioMonedero/monedero/build/classes/test/com/centripio]
07:58:14.097 [Test worker] DEBUG org.springframework.core.io.support.PathMatchingResourcePatternResolver - Searching directory [/Users/Carlos/projects/centripioMonedero/monedero/build/classes/test/com/centripio] for files matching pattern [/Users/Carlos/projects/centripioMonedero/monedero/build/classes/test/com/centripio/**/*.class]
07:58:14.097 [Test worker] DEBUG org.springframework.core.io.support.PathMatchingResourcePatternResolver - Searching directory [/Users/Carlos/projects/centripioMonedero/monedero/build/classes/test/com/centripio/service] for files matching pattern [/Users/Carlos/projects/centripioMonedero/monedero/build/classes/test/com/centripio/**/*.class]
07:58:14.098 [Test worker] DEBUG org.springframework.core.io.support.PathMatchingResourcePatternResolver - Resolved location pattern [classpath*:com/centripio/**/*.class] to resources [file [/Users/Carlos/projects/centripioMonedero/monedero/build/classes/integrationTest/com/centripio/repositories/CuentaRepositoryTest.class], file [/Users/Carlos/projects/centripioMonedero/monedero/build/classes/integrationTest/com/centripio/repositories/EnviosRepositoryTest.class], file [/Users/Carlos/projects/centripioMonedero/monedero/build/classes/main/com/centripio/MonederoApplication.class], file [/Users/Carlos/projects/centripioMonedero/monedero/build/classes/main/com/centripio/config/AppConfig.class], file [/Users/Carlos/projects/centripioMonedero/monedero/build/classes/main/com/centripio/cuentas/repository/CuentaRepository.class], file [/Users/Carlos/projects/centripioMonedero/monedero/build/classes/main/com/centripio/cuentas/service/CuentasDestinoServicio.class], file [/Users/Carlos/projects/centripioMonedero/monedero/build/classes/main/com/centripio/domain/Cuenta.class], file [/Users/Carlos/projects/centripioMonedero/monedero/build/classes/main/com/centripio/domain/Envio.class], file [/Users/Carlos/projects/centripioMonedero/monedero/build/classes/main/com/centripio/domain/Monedero.class], file [/Users/Carlos/projects/centripioMonedero/monedero/build/classes/main/com/centripio/envios/controller/EnviosController.class], file [/Users/Carlos/projects/centripioMonedero/monedero/build/classes/main/com/centripio/envios/dto/EnvioResponse.class], file [/Users/Carlos/projects/centripioMonedero/monedero/build/classes/main/com/centripio/envios/dto/EnviosResponse.class], file [/Users/Carlos/projects/centripioMonedero/monedero/build/classes/main/com/centripio/envios/exception/CuentaNoExistenteException.class], file [/Users/Carlos/projects/centripioMonedero/monedero/build/classes/main/com/centripio/envios/repository/EnviosRepository.class], file [/Users/Carlos/projects/centripioMonedero/monedero/build/classes/main/com/centripio/envios/service/CuentaServicio.class], file [/Users/Carlos/projects/centripioMonedero/monedero/build/classes/main/com/centripio/envios/service/EnviosServicio.class], file [/Users/Carlos/projects/centripioMonedero/monedero/build/classes/test/com/centripio/MonederoApplicationTests.class], file [/Users/Carlos/projects/centripioMonedero/monedero/build/classes/test/com/centripio/service/EnviosServiceTest.class]]
07:58:14.107 [Test worker] DEBUG org.springframework.beans.factory.support.DefaultListableBeanFactory - Returning cached instance of singleton bean 'org.springframework.boot.test.context.filter.TestTypeExcludeFilter'
07:58:14.108 [Test worker] DEBUG org.springframework.beans.factory.support.DefaultListableBeanFactory - Returning cached instance of singleton bean 'org.springframework.boot.test.context.filter.TestTypeExcludeFilter'
07:58:14.111 [Test worker] DEBUG org.springframework.beans.factory.support.DefaultListableBeanFactory - Returning cached instance of singleton bean 'org.springframework.boot.test.context.filter.TestTypeExcludeFilter'
07:58:14.112 [Test worker] DEBUG org.springframework.context.annotation.ClassPathBeanDefinitionScanner - Identified candidate component class: file [/Users/Carlos/projects/centripioMonedero/monedero/build/classes/main/com/centripio/config/AppConfig.class]
07:58:14.112 [Test worker] DEBUG org.springframework.beans.factory.support.DefaultListableBeanFactory - Returning cached instance of singleton bean 'org.springframework.boot.test.context.filter.TestTypeExcludeFilter'
07:58:14.112 [Test worker] DEBUG org.springframework.context.annotation.ClassPathBeanDefinitionScanner - Ignored because not a concrete top-level class: file [/Users/Carlos/projects/centripioMonedero/monedero/build/classes/main/com/centripio/cuentas/repository/CuentaRepository.class]
07:58:14.112 [Test worker] DEBUG org.springframework.beans.factory.support.DefaultListableBeanFactory - Returning cached instance of singleton bean 'org.springframework.boot.test.context.filter.TestTypeExcludeFilter'
07:58:14.112 [Test worker] DEBUG org.springframework.context.annotation.ClassPathBeanDefinitionScanner - Identified candidate component class: file [/Users/Carlos/projects/centripioMonedero/monedero/build/classes/main/com/centripio/cuentas/service/CuentasDestinoServicio.class]
07:58:14.113 [Test worker] DEBUG org.springframework.beans.factory.support.DefaultListableBeanFactory - Returning cached instance of singleton bean 'org.springframework.boot.test.context.filter.TestTypeExcludeFilter'
07:58:14.113 [Test worker] DEBUG org.springframework.beans.factory.support.DefaultListableBeanFactory - Returning cached instance of singleton bean 'org.springframework.boot.test.context.filter.TestTypeExcludeFilter'
07:58:14.114 [Test worker] DEBUG org.springframework.beans.factory.support.DefaultListableBeanFactory - Returning cached instance of singleton bean 'org.springframework.boot.test.context.filter.TestTypeExcludeFilter'
07:58:14.114 [Test worker] DEBUG org.springframework.beans.factory.support.DefaultListableBeanFactory - Returning cached instance of singleton bean 'org.springframework.boot.test.context.filter.TestTypeExcludeFilter'
07:58:14.114 [Test worker] DEBUG org.springframework.context.annotation.ClassPathBeanDefinitionScanner - Identified candidate component class: file [/Users/Carlos/projects/centripioMonedero/monedero/build/classes/main/com/centripio/envios/controller/EnviosController.class]
07:58:14.115 [Test worker] DEBUG org.springframework.beans.factory.support.DefaultListableBeanFactory - Returning cached instance of singleton bean 'org.springframework.boot.test.context.filter.TestTypeExcludeFilter'
07:58:14.115 [Test worker] DEBUG org.springframework.beans.factory.support.DefaultListableBeanFactory - Returning cached instance of singleton bean 'org.springframework.boot.test.context.filter.TestTypeExcludeFilter'
07:58:14.116 [Test worker] DEBUG org.springframework.beans.factory.support.DefaultListableBeanFactory - Returning cached instance of singleton bean 'org.springframework.boot.test.context.filter.TestTypeExcludeFilter'
07:58:14.116 [Test worker] DEBUG org.springframework.beans.factory.support.DefaultListableBeanFactory - Returning cached instance of singleton bean 'org.springframework.boot.test.context.filter.TestTypeExcludeFilter'
07:58:14.116 [Test worker] DEBUG org.springframework.context.annotation.ClassPathBeanDefinitionScanner - Ignored because not a concrete top-level class: file [/Users/Carlos/projects/centripioMonedero/monedero/build/classes/main/com/centripio/envios/repository/EnviosRepository.class]
07:58:14.116 [Test worker] DEBUG org.springframework.beans.factory.support.DefaultListableBeanFactory - Returning cached instance of singleton bean 'org.springframework.boot.test.context.filter.TestTypeExcludeFilter'
07:58:14.117 [Test worker] DEBUG org.springframework.beans.factory.support.DefaultListableBeanFactory - Returning cached instance of singleton bean 'org.springframework.boot.test.context.filter.TestTypeExcludeFilter'
07:58:14.117 [Test worker] DEBUG org.springframework.context.annotation.ClassPathBeanDefinitionScanner - Identified candidate component class: file [/Users/Carlos/projects/centripioMonedero/monedero/build/classes/main/com/centripio/envios/service/EnviosServicio.class]
07:58:14.117 [Test worker] DEBUG org.springframework.beans.factory.support.DefaultListableBeanFactory - Returning cached instance of singleton bean 'org.springframework.boot.test.context.filter.TestTypeExcludeFilter'
07:58:14.118 [Test worker] DEBUG org.springframework.beans.factory.support.DefaultListableBeanFactory - Returning cached instance of singleton bean 'org.springframework.boot.test.context.filter.TestTypeExcludeFilter'
07:58:14.148 [Test worker] DEBUG org.springframework.core.env.PropertySourcesPropertyResolver - Could not find key 'spring.boot.enableautoconfiguration' in any property source
07:58:14.236 [Test worker] DEBUG org.springframework.beans.factory.support.DefaultListableBeanFactory - Returning cached instance of singleton bean 'autoConfigurationReport'
07:58:14.279 [Test worker] DEBUG org.springframework.core.env.PropertySourcesPropertyResolver - Could not find key 'spring.messages.basename' in any property source
07:58:14.279 [Test worker] DEBUG org.springframework.core.io.support.PathMatchingResourcePatternResolver - Resolved classpath location [messages.properties] to resources []
07:58:14.279 [Test worker] DEBUG org.springframework.beans.factory.support.DefaultListableBeanFactory - Returning cached instance of singleton bean 'autoConfigurationReport'
07:58:14.281 [Test worker] DEBUG org.springframework.beans.factory.support.DefaultListableBeanFactory - Returning cached instance of singleton bean 'autoConfigurationReport'
07:58:14.287 [Test worker] DEBUG org.springframework.beans.factory.support.DefaultListableBeanFactory - Returning cached instance of singleton bean 'autoConfigurationReport'
07:58:14.292 [Test worker] DEBUG org.springframework.beans.factory.support.DefaultListableBeanFactory - Returning cached instance of singleton bean 'autoConfigurationReport'
07:58:14.293 [Test worker] DEBUG org.springframework.beans.factory.support.DefaultListableBeanFactory - Returning cached instance of singleton bean 'autoConfigurationReport'
07:58:14.294 [Test worker] DEBUG org.springframework.beans.factory.support.DefaultListableBeanFactory - Returning cached instance of singleton bean 'autoConfigurationReport'
07:58:14.294 [Test worker] DEBUG org.springframework.beans.factory.support.DefaultListableBeanFactory - Returning cached instance of singleton bean 'autoConfigurationReport'
07:58:14.296 [Test worker] DEBUG org.springframework.beans.factory.support.DefaultListableBeanFactory - Returning cached instance of singleton bean 'autoConfigurationReport'
07:58:14.299 [Test worker] DEBUG org.springframework.beans.factory.support.DefaultListableBeanFactory - Returning cached instance of singleton bean 'autoConfigurationReport'
07:58:14.299 [Test worker] DEBUG org.springframework.beans.factory.support.DefaultListableBeanFactory - Returning cached instance of singleton bean 'autoConfigurationReport'
07:58:14.299 [Test worker] DEBUG org.springframework.beans.factory.support.DefaultListableBeanFactory - Returning cached instance of singleton bean 'autoConfigurationReport'
07:58:14.300 [Test worker] DEBUG org.springframework.beans.factory.support.DefaultListableBeanFactory - Returning cached instance of singleton bean 'autoConfigurationReport'
07:58:14.300 [Test worker] DEBUG org.springframework.beans.factory.support.DefaultListableBeanFactory - Returning cached instance of singleton bean 'autoConfigurationReport'
07:58:14.300 [Test worker] DEBUG org.springframework.beans.factory.support.DefaultListableBeanFactory - Returning cached instance of singleton bean 'autoConfigurationReport'
07:58:14.301 [Test worker] DEBUG org.springframework.beans.factory.support.DefaultListableBeanFactory - Returning cached instance of singleton bean 'autoConfigurationReport'
07:58:14.301 [Test worker] DEBUG org.springframework.beans.factory.support.DefaultListableBeanFactory - Returning cached instance of singleton bean 'autoConfigurationReport'
07:58:14.304 [Test worker] DEBUG org.springframework.beans.factory.support.DefaultListableBeanFactory - Returning cached instance of singleton bean 'autoConfigurationReport'
07:58:14.304 [Test worker] DEBUG org.springframework.beans.factory.support.DefaultListableBeanFactory - Returning cached instance of singleton bean 'autoConfigurationReport'
07:58:14.304 [Test worker] DEBUG org.springframework.beans.factory.support.DefaultListableBeanFactory - Returning cached instance of singleton bean 'autoConfigurationReport'
07:58:14.305 [Test worker] DEBUG org.springframework.beans.factory.support.DefaultListableBeanFactory - Returning cached instance of singleton bean 'autoConfigurationReport'
07:58:14.306 [Test worker] DEBUG org.springframework.beans.factory.support.DefaultListableBeanFactory - Returning cached instance of singleton bean 'autoConfigurationReport'
07:58:14.307 [Test worker] DEBUG org.springframework.beans.factory.support.DefaultListableBeanFactory - Returning cached instance of singleton bean 'autoConfigurationReport'
07:58:14.309 [Test worker] DEBUG org.springframework.beans.factory.support.DefaultListableBeanFactory - Returning cached instance of singleton bean 'autoConfigurationReport'
07:58:14.309 [Test worker] DEBUG org.springframework.beans.factory.support.DefaultListableBeanFactory - Returning cached instance of singleton bean 'autoConfigurationReport'
07:58:14.310 [Test worker] DEBUG org.springframework.beans.factory.support.DefaultListableBeanFactory - Returning cached instance of singleton bean 'autoConfigurationReport'
07:58:14.312 [Test worker] DEBUG org.springframework.beans.factory.support.DefaultListableBeanFactory - Returning cached instance of singleton bean 'autoConfigurationReport'
07:58:14.313 [Test worker] DEBUG org.springframework.beans.factory.support.DefaultListableBeanFactory - Returning cached instance of singleton bean 'autoConfigurationReport'
07:58:14.315 [Test worker] DEBUG org.springframework.beans.factory.support.DefaultListableBeanFactory - Returning cached instance of singleton bean 'autoConfigurationReport'
07:58:14.316 [Test worker] DEBUG org.springframework.beans.factory.support.DefaultListableBeanFactory - Returning cached instance of singleton bean 'autoConfigurationReport'
07:58:14.317 [Test worker] DEBUG org.springframework.beans.factory.support.DefaultListableBeanFactory - Returning cached instance of singleton bean 'autoConfigurationReport'
07:58:14.317 [Test worker] DEBUG org.springframework.beans.factory.support.DefaultListableBeanFactory - Returning cached instance of singleton bean 'autoConfigurationReport'
07:58:14.325 [Test worker] DEBUG org.springframework.beans.factory.support.DefaultListableBeanFactory - Returning cached instance of singleton bean 'autoConfigurationReport'
07:58:14.329 [Test worker] DEBUG org.springframework.beans.factory.support.DefaultListableBeanFactory - Returning cached instance of singleton bean 'autoConfigurationReport'
07:58:14.329 [Test worker] DEBUG org.springframework.beans.factory.support.DefaultListableBeanFactory - Returning cached instance of singleton bean 'autoConfigurationReport'
07:58:14.329 [Test worker] DEBUG org.springframework.beans.factory.support.DefaultListableBeanFactory - Returning cached instance of singleton bean 'autoConfigurationReport'
07:58:14.330 [Test worker] DEBUG org.springframework.beans.factory.support.DefaultListableBeanFactory - Returning cached instance of singleton bean 'autoConfigurationReport'
07:58:14.331 [Test worker] DEBUG org.springframework.beans.factory.support.DefaultListableBeanFactory - Returning cached instance of singleton bean 'autoConfigurationReport'
07:58:14.334 [Test worker] DEBUG org.springframework.beans.factory.support.DefaultListableBeanFactory - Returning cached instance of singleton bean 'autoConfigurationReport'
07:58:14.342 [Test worker] DEBUG org.springframework.beans.factory.support.DefaultListableBeanFactory - Returning cached instance of singleton bean 'autoConfigurationReport'
07:58:14.342 [Test worker] DEBUG org.springframework.beans.factory.support.DefaultListableBeanFactory - Returning cached instance of singleton bean 'autoConfigurationReport'
07:58:14.348 [Test worker] DEBUG org.springframework.beans.factory.support.DefaultListableBeanFactory - Returning cached instance of singleton bean 'autoConfigurationReport'
07:58:14.351 [Test worker] DEBUG org.springframework.beans.factory.support.DefaultListableBeanFactory - Returning cached instance of singleton bean 'autoConfigurationReport'
07:58:14.351 [Test worker] DEBUG org.springframework.beans.factory.support.DefaultListableBeanFactory - Returning cached instance of singleton bean 'autoConfigurationReport'
07:58:14.352 [Test worker] DEBUG org.springframework.beans.factory.support.DefaultListableBeanFactory - Returning cached instance of singleton bean 'autoConfigurationReport'
07:58:14.353 [Test worker] DEBUG org.springframework.beans.factory.support.DefaultListableBeanFactory - Returning cached instance of singleton bean 'autoConfigurationReport'
07:58:14.353 [Test worker] DEBUG org.springframework.beans.factory.support.DefaultListableBeanFactory - Returning cached instance of singleton bean 'autoConfigurationReport'
07:58:14.353 [Test worker] DEBUG org.springframework.beans.factory.support.DefaultListableBeanFactory - Returning cached instance of singleton bean 'autoConfigurationReport'
07:58:14.354 [Test worker] DEBUG org.springframework.beans.factory.support.DefaultListableBeanFactory - Returning cached instance of singleton bean 'autoConfigurationReport'
07:58:14.355 [Test worker] DEBUG org.springframework.beans.factory.support.DefaultListableBeanFactory - Returning cached instance of singleton bean 'autoConfigurationReport'
07:58:14.355 [Test worker] DEBUG org.springframework.beans.factory.support.DefaultListableBeanFactory - Returning cached instance of singleton bean 'autoConfigurationReport'
07:58:14.355 [Test worker] DEBUG org.springframework.beans.factory.support.DefaultListableBeanFactory - Returning cached instance of singleton bean 'autoConfigurationReport'
07:58:14.357 [Test worker] DEBUG org.springframework.beans.factory.support.DefaultListableBeanFactory - Returning cached instance of singleton bean 'autoConfigurationReport'
07:58:14.360 [Test worker] DEBUG org.springframework.beans.factory.support.DefaultListableBeanFactory - Returning cached instance of singleton bean 'autoConfigurationReport'
07:58:14.360 [Test worker] DEBUG org.springframework.beans.factory.support.DefaultListableBeanFactory - Returning cached instance of singleton bean 'autoConfigurationReport'
07:58:14.361 [Test worker] DEBUG org.springframework.beans.factory.support.DefaultListableBeanFactory - Returning cached instance of singleton bean 'autoConfigurationReport'
07:58:14.361 [Test worker] DEBUG org.springframework.beans.factory.support.DefaultListableBeanFactory - Returning cached instance of singleton bean 'autoConfigurationReport'
07:58:14.362 [Test worker] DEBUG org.springframework.beans.factory.support.DefaultListableBeanFactory - Returning cached instance of singleton bean 'autoConfigurationReport'
07:58:14.364 [Test worker] DEBUG org.springframework.beans.factory.support.DefaultListableBeanFactory - Returning cached instance of singleton bean 'autoConfigurationReport'
07:58:14.378 [Test worker] DEBUG org.springframework.beans.factory.support.DefaultListableBeanFactory - Returning cached instance of singleton bean 'autoConfigurationReport'
07:58:14.380 [Test worker] DEBUG org.springframework.beans.factory.support.DefaultListableBeanFactory - Returning cached instance of singleton bean 'autoConfigurationReport'
07:58:14.381 [Test worker] DEBUG org.springframework.beans.factory.support.DefaultListableBeanFactory - Returning cached instance of singleton bean 'autoConfigurationReport'
07:58:14.382 [Test worker] DEBUG org.springframework.beans.factory.support.DefaultListableBeanFactory - Returning cached instance of singleton bean 'autoConfigurationReport'
07:58:14.382 [Test worker] DEBUG org.springframework.beans.factory.support.DefaultListableBeanFactory - Returning cached instance of singleton bean 'autoConfigurationReport'
07:58:14.382 [Test worker] DEBUG org.springframework.beans.factory.support.DefaultListableBeanFactory - Returning cached instance of singleton bean 'autoConfigurationReport'
07:58:14.383 [Test worker] DEBUG org.springframework.beans.factory.support.DefaultListableBeanFactory - Returning cached instance of singleton bean 'autoConfigurationReport'
07:58:14.384 [Test worker] DEBUG org.springframework.beans.factory.support.DefaultListableBeanFactory - Returning cached instance of singleton bean 'autoConfigurationReport'
07:58:14.384 [Test worker] DEBUG org.springframework.beans.factory.support.DefaultListableBeanFactory - Returning cached instance of singleton bean 'autoConfigurationReport'
07:58:14.385 [Test worker] DEBUG org.springframework.beans.factory.support.DefaultListableBeanFactory - Returning cached instance of singleton bean 'autoConfigurationReport'
07:58:14.385 [Test worker] DEBUG org.springframework.beans.factory.support.DefaultListableBeanFactory - Returning cached instance of singleton bean 'autoConfigurationReport'
07:58:14.387 [Test worker] DEBUG org.springframework.beans.factory.support.DefaultListableBeanFactory - Returning cached instance of singleton bean 'autoConfigurationReport'
07:58:14.389 [Test worker] DEBUG org.springframework.beans.factory.support.DefaultListableBeanFactory - Returning cached instance of singleton bean 'autoConfigurationReport'
07:58:14.390 [Test worker] DEBUG org.springframework.beans.factory.support.DefaultListableBeanFactory - Returning cached instance of singleton bean 'autoConfigurationReport'
07:58:14.390 [Test worker] DEBUG org.springframework.beans.factory.support.DefaultListableBeanFactory - Returning cached instance of singleton bean 'autoConfigurationReport'
07:58:14.393 [Test worker] DEBUG org.springframework.beans.factory.support.DefaultListableBeanFactory - Returning cached instance of singleton bean 'autoConfigurationReport'
07:58:14.393 [Test worker] DEBUG org.springframework.beans.factory.support.DefaultListableBeanFactory - Returning cached instance of singleton bean 'autoConfigurationReport'
07:58:14.393 [Test worker] DEBUG org.springframework.beans.factory.support.DefaultListableBeanFactory - Returning cached instance of singleton bean 'autoConfigurationReport'
07:58:14.397 [Test worker] DEBUG org.springframework.beans.factory.support.DefaultListableBeanFactory - Returning cached instance of singleton bean 'autoConfigurationReport'
07:58:14.400 [Test worker] DEBUG org.springframework.beans.factory.support.DefaultListableBeanFactory - Returning cached instance of singleton bean 'autoConfigurationReport'
07:58:14.404 [Test worker] DEBUG org.springframework.beans.factory.support.DefaultListableBeanFactory - Returning cached instance of singleton bean 'autoConfigurationReport'
07:58:14.404 [Test worker] DEBUG org.springframework.beans.factory.support.DefaultListableBeanFactory - Returning cached instance of singleton bean 'autoConfigurationReport'
07:58:14.405 [Test worker] DEBUG org.springframework.beans.factory.support.DefaultListableBeanFactory - Returning cached instance of singleton bean 'autoConfigurationReport'
07:58:14.406 [Test worker] DEBUG org.springframework.beans.factory.support.DefaultListableBeanFactory - Returning cached instance of singleton bean 'autoConfigurationReport'
07:58:14.406 [Test worker] DEBUG org.springframework.beans.factory.support.DefaultListableBeanFactory - Returning cached instance of singleton bean 'autoConfigurationReport'
07:58:14.406 [Test worker] DEBUG org.springframework.beans.factory.support.DefaultListableBeanFactory - Returning cached instance of singleton bean 'autoConfigurationReport'
07:58:14.406 [Test worker] DEBUG org.springframework.beans.factory.support.DefaultListableBeanFactory - Returning cached instance of singleton bean 'autoConfigurationReport'
07:58:14.406 [Test worker] DEBUG org.springframework.beans.factory.support.DefaultListableBeanFactory - Returning cached instance of singleton bean 'autoConfigurationReport'
07:58:14.408 [Test worker] DEBUG org.springframework.beans.factory.support.DefaultListableBeanFactory - Returning cached instance of singleton bean 'autoConfigurationReport'
07:58:14.409 [Test worker] DEBUG org.springframework.beans.factory.support.DefaultListableBeanFactory - Returning cached instance of singleton bean 'autoConfigurationReport'
07:58:14.411 [Test worker] DEBUG org.springframework.beans.factory.support.DefaultListableBeanFactory - Returning cached instance of singleton bean 'autoConfigurationReport'
07:58:14.411 [Test worker] DEBUG org.springframework.beans.factory.support.DefaultListableBeanFactory - Returning cached instance of singleton bean 'autoConfigurationReport'
07:58:14.414 [Test worker] DEBUG org.springframework.beans.factory.support.DefaultListableBeanFactory - Returning cached instance of singleton bean 'autoConfigurationReport'
07:58:14.417 [Test worker] DEBUG org.springframework.beans.factory.support.DefaultListableBeanFactory - Returning cached instance of singleton bean 'autoConfigurationReport'
07:58:14.427 [Test worker] DEBUG org.springframework.beans.factory.support.DefaultListableBeanFactory - Returning cached instance of singleton bean 'autoConfigurationReport'
07:58:14.427 [Test worker] DEBUG org.springframework.beans.factory.support.DefaultListableBeanFactory - Returning cached instance of singleton bean 'autoConfigurationReport'
07:58:14.427 [Test worker] DEBUG org.springframework.beans.factory.support.DefaultListableBeanFactory - Returning cached instance of singleton bean 'autoConfigurationReport'
07:58:14.427 [Test worker] DEBUG org.springframework.beans.factory.support.DefaultListableBeanFactory - Returning cached instance of singleton bean 'autoConfigurationReport'
07:58:14.429 [Test worker] DEBUG org.springframework.beans.factory.support.DefaultListableBeanFactory - Returning cached instance of singleton bean 'autoConfigurationReport'
07:58:14.433 [Test worker] DEBUG org.springframework.beans.factory.support.DefaultListableBeanFactory - Returning cached instance of singleton bean 'autoConfigurationReport'
07:58:14.436 [Test worker] DEBUG org.springframework.context.annotation.ConfigurationClassBeanDefinitionReader - Registered bean definition for imported class 'org.springframework.transaction.annotation.ProxyTransactionManagementConfiguration'
[...]
07:58:20.330 [Test worker] DEBUG org.springframework.test.context.cache - Spring test ApplicationContext cache statistics: [DefaultContextCache@378dd006 size = 1, maxSize = 32, parentContextCount = 0, hitCount = 7, missCount = 1]
07:58:20.330 [Test worker] DEBUG org.springframework.beans.factory.support.DefaultListableBeanFactory - Returning cached instance of singleton bean 'transactionManager'
07:58:20.330 [Test worker] DEBUG org.springframework.test.context.transaction.TransactionalTestExecutionListener - No method-level @Rollback override: using default rollback [true] for test context [DefaultTestContext@56c76807 testClass = CuentaRepositoryTest, testInstance = com.centripio.repositories.CuentaRepositoryTest@5af59807, testMethod = mostrarTodasCuentas_test@CuentaRepositoryTest, testException = [null], mergedContextConfiguration = [MergedContextConfiguration@6a97cdca testClass = CuentaRepositoryTest, locations = '{}', classes = '{class com.centripio.config.AppConfig}', contextInitializerClasses = '[]', activeProfiles = '{}', propertySourceLocations = '{}', propertySourceProperties = '{}', contextCustomizers = set[org.springframework.boot.test.context.filter.ExcludeFilterContextCustomizer@30f4d1b6, org.springframework.boot.test.json.DuplicateJsonObjectContextCustomizerFactory$DuplicateJsonObjectContextCustomizer@13f9f3cc, org.springframework.boot.test.mock.mockito.MockitoContextCustomizer@0, org.springframework.boot.test.autoconfigure.properties.PropertyMappingContextCustomizer@0, org.springframework.boot.test.autoconfigure.web.servlet.WebDriverContextCustomizerFactory$Customizer@4dcd44f3], contextLoader = 'org.springframework.test.context.support.DelegatingSmartContextLoader', parent = [null]]].
07:58:20.331 [Test worker] DEBUG org.springframework.orm.jpa.JpaTransactionManager - Creating new transaction with name [com.centripio.repositories.CuentaRepositoryTest.mostrarTodasCuentas_test]: PROPAGATION_REQUIRED,ISOLATION_DEFAULT; ''
07:58:20.331 [Test worker] DEBUG org.springframework.orm.jpa.JpaTransactionManager - Opened new EntityManager [org.hibernate.jpa.internal.EntityManagerImpl@759d54ba] for JPA transaction
07:58:20.331 [Test worker] DEBUG org.hibernate.engine.transaction.internal.TransactionImpl - begin
07:58:20.331 [Test worker] DEBUG org.springframework.orm.jpa.JpaTransactionManager - Exposing JPA transaction as JDBC transaction [org.springframework.orm.jpa.vendor.HibernateJpaDialect$HibernateConnectionHandle@54a96cc8]
07:58:20.332 [Test worker] INFO org.springframework.test.context.transaction.TransactionContext - Began transaction (1) for test context [DefaultTestContext@56c76807 testClass = CuentaRepositoryTest, testInstance = com.centripio.repositories.CuentaRepositoryTest@5af59807, testMethod = mostrarTodasCuentas_test@CuentaRepositoryTest, testException = [null], mergedContextConfiguration = [MergedContextConfiguration@6a97cdca testClass = CuentaRepositoryTest, locations = '{}', classes = '{class com.centripio.config.AppConfig}', contextInitializerClasses = '[]', activeProfiles = '{}', propertySourceLocations = '{}', propertySourceProperties = '{}', contextCustomizers = set[org.springframework.boot.test.context.filter.ExcludeFilterContextCustomizer@30f4d1b6, org.springframework.boot.test.json.DuplicateJsonObjectContextCustomizerFactory$DuplicateJsonObjectContextCustomizer@13f9f3cc, org.springframework.boot.test.mock.mockito.MockitoContextCustomizer@0, org.springframework.boot.test.autoconfigure.properties.PropertyMappingContextCustomizer@0, org.springframework.boot.test.autoconfigure.web.servlet.WebDriverContextCustomizerFactory$Customizer@4dcd44f3], contextLoader = 'org.springframework.test.context.support.DelegatingSmartContextLoader', parent = [null]]]; transaction manager [org.springframework.orm.jpa.JpaTransactionManager@1f0e0ecf]; rollback [true]
07:58:20.333 [Test worker] DEBUG org.springframework.test.context.cache.DefaultCacheAwareContextLoaderDelegate - Retrieved ApplicationContext from cache with key [[MergedContextConfiguration@6a97cdca testClass = CuentaRepositoryTest, locations = '{}', classes = '{class com.centripio.config.AppConfig}', contextInitializerClasses = '[]', activeProfiles = '{}', propertySourceLocations = '{}', propertySourceProperties = '{}', contextCustomizers = set[org.springframework.boot.test.context.filter.ExcludeFilterContextCustomizer@30f4d1b6, org.springframework.boot.test.json.DuplicateJsonObjectContextCustomizerFactory$DuplicateJsonObjectContextCustomizer@13f9f3cc, org.springframework.boot.test.mock.mockito.MockitoContextCustomizer@0, org.springframework.boot.test.autoconfigure.properties.PropertyMappingContextCustomizer@0, org.springframework.boot.test.autoconfigure.web.servlet.WebDriverContextCustomizerFactory$Customizer@4dcd44f3], contextLoader = 'org.springframework.test.context.support.DelegatingSmartContextLoader', parent = [null]]]
07:58:20.333 [Test worker] DEBUG org.springframework.test.context.cache - Spring test ApplicationContext cache statistics: [DefaultContextCache@378dd006 size = 1, maxSize = 32, parentContextCount = 0, hitCount = 8, missCount = 1]
07:58:20.334 [Test worker] DEBUG org.springframework.beans.factory.support.DefaultListableBeanFactory - Returning cached instance of singleton bean 'org.springframework.boot.test.mock.mockito.MockitoBeans'
07:58:20.335 [Test worker] DEBUG org.springframework.data.repository.core.support.TransactionalRepositoryProxyPostProcessor$CustomAnnotationTransactionAttributeSource - Adding transactional method 'findAll' with attribute: PROPAGATION_REQUIRED,ISOLATION_DEFAULT,readOnly; ''
07:58:20.337 [Test worker] DEBUG org.springframework.beans.factory.support.DefaultListableBeanFactory - Returning cached instance of singleton bean 'transactionManager'
07:58:20.338 [Test worker] DEBUG org.springframework.orm.jpa.JpaTransactionManager - Found thread-bound EntityManager [org.hibernate.jpa.internal.EntityManagerImpl@759d54ba] for JPA transaction
07:58:20.338 [Test worker] DEBUG org.springframework.orm.jpa.JpaTransactionManager - Participating in existing transaction
07:58:20.339 [Test worker] DEBUG org.hibernate.jpa.criteria.CriteriaQueryImpl - Rendered criteria query -> select generatedAlias0 from Cuenta as generatedAlias0
07:58:20.339 [Test worker] DEBUG org.hibernate.hql.internal.ast.QueryTranslatorImpl - parse() - HQL: select generatedAlias0 from com.centripio.domain.Cuenta as generatedAlias0
07:58:20.341 [Test worker] DEBUG org.hibernate.hql.internal.ast.QueryTranslatorImpl - --- HQL AST ---
 \-[QUERY] Node: 'query'
    \-[SELECT_FROM] Node: 'SELECT_FROM'
       +-[FROM] Node: 'from'
       |  \-[RANGE] Node: 'RANGE'
       |     +-[DOT] Node: '.'
       |     |  +-[DOT] Node: '.'
       |     |  |  +-[DOT] Node: '.'
       |     |  |  |  +-[IDENT] Node: 'com'
       |     |  |  |  \-[IDENT] Node: 'centripio'
       |     |  |  \-[IDENT] Node: 'domain'
       |     |  \-[IDENT] Node: 'Cuenta'
       |     \-[ALIAS] Node: 'generatedAlias0'
       \-[SELECT] Node: 'select'
          \-[IDENT] Node: 'generatedAlias0'

07:58:20.341 [Test worker] DEBUG org.hibernate.hql.internal.ast.ErrorCounter - throwQueryException() : no errors
07:58:20.342 [Test worker] DEBUG org.hibernate.hql.internal.antlr.HqlSqlBaseWalker - select << begin [level=1, statement=select]
07:58:20.342 [Test worker] DEBUG org.hibernate.hql.internal.ast.tree.FromElement - FromClause{level=1} : com.centripio.domain.Cuenta (generatedAlias0) -> cuenta0_
07:58:20.342 [Test worker] DEBUG org.hibernate.hql.internal.ast.tree.FromReferenceNode - Resolved : generatedAlias0 -> cuenta0_.id
07:58:20.342 [Test worker] DEBUG org.hibernate.hql.internal.antlr.HqlSqlBaseWalker - select : finishing up [level=1, statement=select]
07:58:20.342 [Test worker] DEBUG org.hibernate.hql.internal.ast.HqlSqlWalker - processQuery() :  ( SELECT ( {select clause} cuenta0_.id ) ( FromClause{level=1} tbl_cuenta cuenta0_ ) )
07:58:20.343 [Test worker] DEBUG org.hibernate.hql.internal.ast.util.JoinProcessor - Using FROM fragment [tbl_cuenta cuenta0_]
07:58:20.343 [Test worker] DEBUG org.hibernate.hql.internal.antlr.HqlSqlBaseWalker - select >> end [level=1, statement=select]
07:58:20.344 [Test worker] DEBUG org.hibernate.hql.internal.ast.QueryTranslatorImpl - --- SQL AST ---
 \-[SELECT] QueryNode: 'SELECT'  querySpaces (tbl_cuenta)
    +-[SELECT_CLAUSE] SelectClause: '{select clause}'
    |  +-[ALIAS_REF] IdentNode: 'cuenta0_.id as id1_0_' {alias=generatedAlias0, className=com.centripio.domain.Cuenta, tableAlias=cuenta0_}
    |  \-[SQL_TOKEN] SqlFragment: 'cuenta0_.banco as banco2_0_, cuenta0_.direccion as direccio3_0_, cuenta0_.numerocuenta as numerocu4_0_'
    \-[FROM] FromClause: 'from' FromClause{level=1, fromElementCounter=1, fromElements=1, fromElementByClassAlias=[generatedAlias0], fromElementByTableAlias=[cuenta0_], fromElementsByPath=[], collectionJoinFromElementsByPath=[], impliedElements=[]}
       \-[FROM_FRAGMENT] FromElement: 'tbl_cuenta cuenta0_' FromElement{explicit,not a collection join,not a fetch join,fetch non-lazy properties,classAlias=generatedAlias0,role=null,tableName=tbl_cuenta,tableAlias=cuenta0_,origin=null,columns={,className=com.centripio.domain.Cuenta}}

07:58:20.344 [Test worker] DEBUG org.hibernate.hql.internal.ast.ErrorCounter - throwQueryException() : no errors
07:58:20.344 [Test worker] DEBUG org.hibernate.hql.internal.ast.QueryTranslatorImpl - HQL: select generatedAlias0 from com.centripio.domain.Cuenta as generatedAlias0
07:58:20.345 [Test worker] DEBUG org.hibernate.hql.internal.ast.QueryTranslatorImpl - SQL: select cuenta0_.id as id1_0_, cuenta0_.banco as banco2_0_, cuenta0_.direccion as direccio3_0_, cuenta0_.numerocuenta as numerocu4_0_ from tbl_cuenta cuenta0_
07:58:20.345 [Test worker] DEBUG org.hibernate.hql.internal.ast.ErrorCounter - throwQueryException() : no errors
07:58:20.346 [Test worker] DEBUG org.hibernate.SQL - select cuenta0_.id as id1_0_, cuenta0_.banco as banco2_0_, cuenta0_.direccion as direccio3_0_, cuenta0_.numerocuenta as numerocu4_0_ from tbl_cuenta cuenta0_
07:58:20.347 [Test worker] DEBUG org.hibernate.loader.Loader - Result set row: 0
07:58:20.347 [Test worker] DEBUG org.hibernate.loader.Loader - Result row: EntityKey[com.centripio.domain.Cuenta#1]
07:58:20.347 [Test worker] DEBUG org.hibernate.engine.internal.TwoPhaseLoad - Resolving associations for [com.centripio.domain.Cuenta#1]
07:58:20.347 [Test worker] DEBUG org.hibernate.engine.internal.TwoPhaseLoad - Done materializing entity [com.centripio.domain.Cuenta#1]
07:58:20.349 [Test worker] DEBUG org.springframework.test.context.cache.DefaultCacheAwareContextLoaderDelegate - Retrieved ApplicationContext from cache with key [[MergedContextConfiguration@6a97cdca testClass = CuentaRepositoryTest, locations = '{}', classes = '{class com.centripio.config.AppConfig}', contextInitializerClasses = '[]', activeProfiles = '{}', propertySourceLocations = '{}', propertySourceProperties = '{}', contextCustomizers = set[org.springframework.boot.test.context.filter.ExcludeFilterContextCustomizer@30f4d1b6, org.springframework.boot.test.json.DuplicateJsonObjectContextCustomizerFactory$DuplicateJsonObjectContextCustomizer@13f9f3cc, org.springframework.boot.test.mock.mockito.MockitoContextCustomizer@0, org.springframework.boot.test.autoconfigure.properties.PropertyMappingContextCustomizer@0, org.springframework.boot.test.autoconfigure.web.servlet.WebDriverContextCustomizerFactory$Customizer@4dcd44f3], contextLoader = 'org.springframework.test.context.support.DelegatingSmartContextLoader', parent = [null]]]
07:58:20.349 [Test worker] DEBUG org.springframework.test.context.cache - Spring test ApplicationContext cache statistics: [DefaultContextCache@378dd006 size = 1, maxSize = 32, parentContextCount = 0, hitCount = 9, missCount = 1]
07:58:20.350 [Test worker] DEBUG org.springframework.test.context.cache.DefaultCacheAwareContextLoaderDelegate - Retrieved ApplicationContext from cache with key [[MergedContextConfiguration@6a97cdca testClass = CuentaRepositoryTest, locations = '{}', classes = '{class com.centripio.config.AppConfig}', contextInitializerClasses = '[]', activeProfiles = '{}', propertySourceLocations = '{}', propertySourceProperties = '{}', contextCustomizers = set[org.springframework.boot.test.context.filter.ExcludeFilterContextCustomizer@30f4d1b6, org.springframework.boot.test.json.DuplicateJsonObjectContextCustomizerFactory$DuplicateJsonObjectContextCustomizer@13f9f3cc, org.springframework.boot.test.mock.mockito.MockitoContextCustomizer@0, org.springframework.boot.test.autoconfigure.properties.PropertyMappingContextCustomizer@0, org.springframework.boot.test.autoconfigure.web.servlet.WebDriverContextCustomizerFactory$Customizer@4dcd44f3], contextLoader = 'org.springframework.test.context.support.DelegatingSmartContextLoader', parent = [null]]]
07:58:20.350 [Test worker] DEBUG org.springframework.test.context.cache - Spring test ApplicationContext cache statistics: [DefaultContextCache@378dd006 size = 1, maxSize = 32, parentContextCount = 0, hitCount = 10, missCount = 1]
07:58:20.351 [Test worker] DEBUG org.springframework.test.context.cache.DefaultCacheAwareContextLoaderDelegate - Retrieved ApplicationContext from cache with key [[MergedContextConfiguration@6a97cdca testClass = CuentaRepositoryTest, locations = '{}', classes = '{class com.centripio.config.AppConfig}', contextInitializerClasses = '[]', activeProfiles = '{}', propertySourceLocations = '{}', propertySourceProperties = '{}', contextCustomizers = set[org.springframework.boot.test.context.filter.ExcludeFilterContextCustomizer@30f4d1b6, org.springframework.boot.test.json.DuplicateJsonObjectContextCustomizerFactory$DuplicateJsonObjectContextCustomizer@13f9f3cc, org.springframework.boot.test.mock.mockito.MockitoContextCustomizer@0, org.springframework.boot.test.autoconfigure.properties.PropertyMappingContextCustomizer@0, org.springframework.boot.test.autoconfigure.web.servlet.WebDriverContextCustomizerFactory$Customizer@4dcd44f3], contextLoader = 'org.springframework.test.context.support.DelegatingSmartContextLoader', parent = [null]]]
07:58:20.351 [Test worker] DEBUG org.springframework.test.context.cache - Spring test ApplicationContext cache statistics: [DefaultContextCache@378dd006 size = 1, maxSize = 32, parentContextCount = 0, hitCount = 11, missCount = 1]
07:58:20.352 [Test worker] DEBUG org.springframework.beans.factory.support.DefaultListableBeanFactory - Returning cached instance of singleton bean 'org.springframework.boot.test.mock.mockito.MockitoBeans'
07:58:20.353 [Test worker] DEBUG org.springframework.orm.jpa.JpaTransactionManager - Initiating transaction rollback
07:58:20.353 [Test worker] DEBUG org.springframework.orm.jpa.JpaTransactionManager - Rolling back JPA transaction on EntityManager [org.hibernate.jpa.internal.EntityManagerImpl@759d54ba]
07:58:20.353 [Test worker] DEBUG org.hibernate.engine.transaction.internal.TransactionImpl - rolling back
07:58:20.354 [Test worker] DEBUG org.springframework.orm.jpa.JpaTransactionManager - Closing JPA EntityManager [org.hibernate.jpa.internal.EntityManagerImpl@759d54ba] after transaction
07:58:20.354 [Test worker] DEBUG org.springframework.orm.jpa.EntityManagerFactoryUtils - Closing JPA EntityManager
07:58:20.354 [Test worker] INFO org.springframework.test.context.transaction.TransactionContext - Rolled back transaction for test context [DefaultTestContext@56c76807 testClass = CuentaRepositoryTest, testInstance = com.centripio.repositories.CuentaRepositoryTest@5af59807, testMethod = mostrarTodasCuentas_test@CuentaRepositoryTest, testException = [null], mergedContextConfiguration = [MergedContextConfiguration@6a97cdca testClass = CuentaRepositoryTest, locations = '{}', classes = '{class com.centripio.config.AppConfig}', contextInitializerClasses = '[]', activeProfiles = '{}', propertySourceLocations = '{}', propertySourceProperties = '{}', contextCustomizers = set[org.springframework.boot.test.context.filter.ExcludeFilterContextCustomizer@30f4d1b6, org.springframework.boot.test.json.DuplicateJsonObjectContextCustomizerFactory$DuplicateJsonObjectContextCustomizer@13f9f3cc, org.springframework.boot.test.mock.mockito.MockitoContextCustomizer@0, org.springframework.boot.test.autoconfigure.properties.PropertyMappingContextCustomizer@0, org.springframework.boot.test.autoconfigure.web.servlet.WebDriverContextCustomizerFactory$Customizer@4dcd44f3], contextLoader = 'org.springframework.test.context.support.DelegatingSmartContextLoader', parent = [null]]].
07:58:20.355 [Test worker] DEBUG org.springframework.test.context.support.AbstractDirtiesContextTestExecutionListener - After test method: context [DefaultTestContext@56c76807 testClass = CuentaRepositoryTest, testInstance = com.centripio.repositories.CuentaRepositoryTest@5af59807, testMethod = mostrarTodasCuentas_test@CuentaRepositoryTest, testException = [null], mergedContextConfiguration = [MergedContextConfiguration@6a97cdca testClass = CuentaRepositoryTest, locations = '{}', classes = '{class com.centripio.config.AppConfig}', contextInitializerClasses = '[]', activeProfiles = '{}', propertySourceLocations = '{}', propertySourceProperties = '{}', contextCustomizers = set[org.springframework.boot.test.context.filter.ExcludeFilterContextCustomizer@30f4d1b6, org.springframework.boot.test.json.DuplicateJsonObjectContextCustomizerFactory$DuplicateJsonObjectContextCustomizer@13f9f3cc, org.springframework.boot.test.mock.mockito.MockitoContextCustomizer@0, org.springframework.boot.test.autoconfigure.properties.PropertyMappingContextCustomizer@0, org.springframework.boot.test.autoconfigure.web.servlet.WebDriverContextCustomizerFactory$Customizer@4dcd44f3], contextLoader = 'org.springframework.test.context.support.DelegatingSmartContextLoader', parent = [null]]], class annotated with @DirtiesContext [false] with mode [null], method annotated with @DirtiesContext [false] with mode [null].
07:58:20.355 [Test worker] DEBUG org.springframework.test.context.support.AbstractDirtiesContextTestExecutionListener - After test class: context [DefaultTestContext@56c76807 testClass = CuentaRepositoryTest, testInstance = [null], testMethod = [null], testException = [null], mergedContextConfiguration = [MergedContextConfiguration@6a97cdca testClass = CuentaRepositoryTest, locations = '{}', classes = '{class com.centripio.config.AppConfig}', contextInitializerClasses = '[]', activeProfiles = '{}', propertySourceLocations = '{}', propertySourceProperties = '{}', contextCustomizers = set[org.springframework.boot.test.context.filter.ExcludeFilterContextCustomizer@30f4d1b6, org.springframework.boot.test.json.DuplicateJsonObjectContextCustomizerFactory$DuplicateJsonObjectContextCustomizer@13f9f3cc, org.springframework.boot.test.mock.mockito.MockitoContextCustomizer@0, org.springframework.boot.test.autoconfigure.properties.PropertyMappingContextCustomizer@0, org.springframework.boot.test.autoconfigure.web.servlet.WebDriverContextCustomizerFactory$Customizer@4dcd44f3], contextLoader = 'org.springframework.test.context.support.DelegatingSmartContextLoader', parent = [null]]], class annotated with @DirtiesContext [false] with mode [null].
]]></system-out>
  <system-err><![CDATA[]]></system-err>
</testsuite>
